Started by timer
Running as SYSTEM
[WARN] Not a WorkflowRun, automatic builds and deployments won't work.
Building remotely on [8mha:////4JtBuD3HKR+RrcZHkpD7x0oMgFTMn4xVTIa8XG9unYDRAAAApB+LCAAAAAAAAP9b85aBtbiIQTGjNKU4P08vOT+vOD8nVc83PyU1x6OyILUoJzMv2y+/JJUBAhiZGBgqihhk0NSjKDWzXb3RdlLBUSYGJk8GtpzUvPSSDB8G5tKinBIGIZ+sxLJE/ZzEvHT94JKizLx0a6BxUmjGOUNodHsLgAy+EgYJ/eT83ILSktQi/YzCgmTdrNS87My8Yl0jAC5R9xDNAAAA[0mhqpc-jenkins-2 in workspace /var/jenkins/workspace/Onlinetools
[WS-CLEANUP] Deleting project workspace...
[WS-CLEANUP] Deferred wipeout is used...
[WS-CLEANUP] Done
The recommended git tool is: NONE
No credentials specified
Cloning the remote Git repository
Cloning repository git@bitbucket.org:atikon/onlinetools.git
 > git init /var/jenkins/workspace/Onlinetools/repo/onlinetools # timeout=10
Fetching upstream changes from git@bitbucket.org:atikon/onlinetools.git
 > git --version # timeout=10
 > git --version # 'git version 2.34.1'
 > git fetch --tags --force --progress -- git@bitbucket.org:atikon/onlinetools.git +refs/heads/*:refs/remotes/origin/* # timeout=10
 > git config remote.origin.url git@bitbucket.org:atikon/onlinetools.git # timeout=10
 > git config --add remote.origin.fetch +refs/heads/*:refs/remotes/origin/* # timeout=10
Avoid second fetch
 > git rev-parse refs/remotes/origin/master^{commit} # timeout=10
JENKINS-19022: warning: possible memory leak due to Git plugin usage; see: https://plugins.jenkins.io/git/#remove-git-plugin-buildsbybranch-builddata-script
Checking out Revision 132d22a6c14cc57e7540e8f5672e8e0cac6a0b2f (refs/remotes/origin/master)
 > git config core.sparsecheckout # timeout=10
 > git checkout -f 132d22a6c14cc57e7540e8f5672e8e0cac6a0b2f # timeout=10
Commit message: "Merged master into OLT-1760-neueinstellungsbogen-mini"
 > git rev-list --no-walk 132d22a6c14cc57e7540e8f5672e8e0cac6a0b2f # timeout=10
Run condition [Current build status] enabling prebuild for step [Execute shell]
[Onlinetools] $ /bin/sh -xe /tmp/jenkins17647120798966916145.sh
+ set +e
+ cd /var/jenkins/workspace/Onlinetools/repo/onlinetools
+ export USER=jenkins
+ USER=jenkins
+ export DBNAME_SUFFIX=_jenkins
+ DBNAME_SUFFIX=_jenkins
+ export HOME=/var/lib/jenkins
+ HOME=/var/lib/jenkins
++ dbus-launch
+ export DBUS_SESSION_BUS_ADDRESS=unix:abstract=/tmp/dbus-suaQp53XJP,guid=2f22a3edbb0cf7d07aa8863162682213 DBUS_SESSION_BUS_PID=7328
+ DBUS_SESSION_BUS_ADDRESS=unix:abstract=/tmp/dbus-suaQp53XJP,guid=2f22a3edbb0cf7d07aa8863162682213
+ DBUS_SESSION_BUS_PID=7328
+ export DISPLAY=:0
+ DISPLAY=:0
+ export NO_AT_BRIDGE=1
+ NO_AT_BRIDGE=1
+ export GSETTINGS_BACKEND=memory
+ GSETTINGS_BACKEND=memory
+ export COLUMNS=80
+ COLUMNS=80
+ unset XDG_RUNTIME_DIR
+ export DBIC_DT_SEARCH_OK=1
+ DBIC_DT_SEARCH_OK=1
+ export CATALYST_NOWARN_DEPRECATE=1
+ CATALYST_NOWARN_DEPRECATE=1
+ export PATH=/opt/atikon/perl-local-lib/bin:/usr/local/bin:/opt/atikon/perl-local-lib/bin:/usr/local/bin:/usr/bin:/bin:/usr/lib/mit/bin:/opt/puppetlabs/bin
+ PATH=/opt/atikon/perl-local-lib/bin:/usr/local/bin:/opt/atikon/perl-local-lib/bin:/usr/local/bin:/usr/bin:/bin:/usr/lib/mit/bin:/opt/puppetlabs/bin
+ bitbucket_db_repo_url=git@bitbucket.org:atikon/atikon-db.git
+ branch=master
+ [[ -n master ]]
+ branch=master
+ git checkout master
Switched to a new branch 'master'
Branch 'master' set up to track remote branch 'master' from 'origin'.
+ git ls-remote --exit-code --heads git@bitbucket.org:atikon/atikon-db.git master
9a434d1545bfde29b62011f608b1cccf2f521276	refs/heads/master
+ ec=0
+ db_branch_name=master
+ '[' 0 -eq 0 ']'
+ db_branch_name=master
+ git clone --single-branch --branch master git@bitbucket.org:atikon/atikon-db.git /var/jenkins/workspace/Onlinetools/repo/Atikon
Cloning into '/var/jenkins/workspace/Onlinetools/repo/Atikon'...
+ rm -rf /var/jenkins/workspace/Onlinetools/local-lib
+ mkdir -p /var/jenkins/workspace/Onlinetools/local-lib
+ export PERL5LIB=/var/jenkins/workspace/Onlinetools/repo:/var/jenkins/workspace/Onlinetools/local-lib/lib/perl5:/opt/atikon/perl-local-lib/lib/perl5
+ PERL5LIB=/var/jenkins/workspace/Onlinetools/repo:/var/jenkins/workspace/Onlinetools/local-lib/lib/perl5:/opt/atikon/perl-local-lib/lib/perl5
+ /opt/atikon/bin/atikon-xvfb-run /usr/bin/cpanm -v --auto-cleanup 1 -l /var/jenkins/workspace/Onlinetools/local-lib --mirror http://cpan.atikon.io:3111/stacks/master --mirror-only --installdeps /var/jenkins/workspace/Onlinetools/repo/Atikon
cpanm (App::cpanminus) 1.7045 on perl 5.026001 built for x86_64-linux-thread-multi
Work directory is /var/lib/jenkins/.cpanm/work/1650991643.7363
You have make /usr/bin/make
You have LWP 6.58
You have /usr/bin/tar: tar (GNU tar) 1.30
Copyright (C) 2017 Free Software Foundation, Inc.
License GPLv3+: GNU GPL version 3 or later <https://gnu.org/licenses/gpl.html>.
This is free software: you are free to change and redistribute it.
There is NO WARRANTY, to the extent permitted by law.

Written by John Gilmore and Jay Fenlason.
You have /usr/bin/unzip
Entering /var/jenkins/workspace/Onlinetools/repo/Atikon
Running Makefile.PL
--> Working on /var/jenkins/workspace/Onlinetools/repo/Atikon
Configuring /var/jenkins/workspace/Onlinetools/repo/Atikon ... include /var/jenkins/workspace/Onlinetools/repo/Atikon/inc/Module/Install.pm
include inc/Module/Install/Metadata.pm
include inc/Module/Install/Base.pm
include inc/Module/Install/AutoInstall.pm
include inc/Module/Install/Include.pm
include inc/Module/AutoInstall.pm
*** Module::AutoInstall version 1.19
*** Checking for Perl dependencies...
*** Since we're running under cpanminus, I'll just let it take care
    of the dependency's installation later.
[Core Features]
- AnyEvent                          ...loaded. (7.17)
- AnyEvent::Worker::Pool            ...loaded. (undef)
- App::Sqitch                       ...loaded. (v1.1.0 >= 0.9999)
- Array::Compare                    ...loaded. (3.0.8)
- Authen::Simple::Password          ...loaded. (undef)
- Bytes::Random::Secure             ...loaded. (0.29)
- Cache::File                       ...loaded. (2.11)
- Capture::Tiny                     ...loaded. (0.48)
- Catalyst                          ...loaded. (5.90128)
- Catalyst::EngineLoader            ...loaded. (undef)
- common::sense                     ...loaded. (3.75)
- Clone                             ...loaded. (0.45)
- Config::Any                       ...loaded. (0.32)
- Config::General                   ...loaded. (2.63)
- Convert::ASCII::Armour            ...loaded. (1.4)
- Crypt::CBC                        ...loaded. (3.04)
- Crypt::OpenPGP                    ...loaded. (1.12)
- Crypt::OpenPGP::Certificate       ...loaded. (undef)
- Crypt::OpenPGP::Key               ...loaded. (undef)
- Crypt::OpenPGP::KeyBlock          ...loaded. (undef)
- Crypt::OpenPGP::Signature         ...loaded. (undef)
- Crypt::OpenPGP::UserID            ...loaded. (undef)
- Crypt::Primes                     ...loaded. (0.50)
- Crypt::Random                     ...loaded. (1.54)
- Crypt::RSA                        ...loaded. (1.99)
- Crypt::RSA::DataFormat            ...loaded. (undef)
- Crypt::RSA::Debug                 ...loaded. (undef)
- Crypt::RSA::Key                   ...loaded. (1.99)
- Crypt::RSA::Key::Private          ...loaded. (1.99)
- Crypt::RSA::Key::Public           ...loaded. (1.99)
- Crypt::RSA::Primitives            ...loaded. (undef)
- Crypt::OpenSSL::RSA               ...loaded. (0.32)
- Data::Buffer                      ...loaded. (0.04)
- Data::ICal                        ...loaded. (0.24)
- Data::ICal::DateTime              ...loaded. (0.82)
- Data::ICal::Entry::Event          ...loaded. (undef)
- Data::ICal::Entry::Alarm::Display ...loaded. (undef)
- Data::FormValidator               ...loaded. (4.88)
- Data::Validate::Domain            ...loaded. (0.15)
- Date::Manip                       ...loaded. (6.86)
- DateTime                          ...loaded. (1.45)
- Date::ICal                        ...loaded. (2.678)
- Date::Parse                       ...loaded. (2.30)
- DateTime::Format::DateParse       ...loaded. (0.05)
- DateTime::Format::Flexible        ...loaded. (0.34 >= 0.34)
- DateTime::Format::Pg              ...loaded. (0.16014)
- DBI                               ...loaded. (1.642)
- DBIx::Class                       ...loaded. (0.082842)
- DBIx::Class::AuditLog             ...loaded. (0.6.4)
- Digest::MD2                       ...loaded. (2.04)
- Digest::SHA                       ...loaded. (5.96)
- Digest::SHA1                      ...loaded. (2.13)
- Email::Address                    ...loaded. (1.912)
- Email::MessageID                  ...loaded. (1.406)
- Email::MIME                       ...loaded. (1.949)
- Email::MIME::CreateHTML           ...loaded. (1.042 >= 1.041)
- Email::Sender::Simple             ...loaded. (2.500)
- Email::Stuffer                    ...loaded. (0.018)
- Email::Valid                      ...loaded. (1.202)
- File::Copy::Recursive             ...loaded. (0.45)
- File::Find                        ...loaded. (1.34)
- File::Find::Rule                  ...loaded. (0.34)
- File::Flock                       ...loaded. (2014.01)
- File::MimeInfo                    ...loaded. (0.30)
- File::Slurp                       ...loaded. (9999.32)
- File::Slurper                     ...loaded. (0.012)
- GeoIP2::Database::Reader          ...loaded. (2.006002)
- Gtk3                              ...loaded. (0.038)
- Gtk3::WebKit2                     ...loaded. (0.013)
- HTML::Entities                    ...loaded. (3.69)
- HTML::Parser                      ...loaded. (3.72)
- HTML::Strip                       ...loaded. (2.10)
- HTML::TokeParser                  ...loaded. (3.69)
- HTML::TreeBuilder                 ...loaded. (5.07)
- HTML::TreeBuilder::XPath          ...loaded. (0.14)
- HTTP::Request::Common             ...loaded. (6.35)
- HTTP::Response                    ...loaded. (6.35)
- HTTP::Status                      ...loaded. (6.35)
- HTML::Strip                       ...loaded. (2.10)
- Inline                            ...loaded. (0.86)
- Inline::C                         ...loaded. (0.81 >= 0.76)
- IO::Select                        ...loaded. (1.22)
- IO::String                        ...loaded. (1.08)
- IO::Stringy                       ...loaded. (2.113)
- IO::Socket::SSL                   ...loaded. (2.066 >= 2.044)
- JSON                              ...loaded. (4.03)
- List::MoreUtils                   ...loaded. (0.430)
- List::UtilsBy                     ...loaded. (0.11)
- Log::Log4perl                     ...loaded. (1.54)
- LWP::Simple                       ...loaded. (6.58)
- LWP::ConnCache                    ...loaded. (6.58)
- LWP::UserAgent                    ...loaded. (6.58 >= 6.33)
- Math::Pari                        ...loaded. (2.030518)
- MIME::Parser                      ...loaded. (5.509)
- MIME::Words                       ...loaded. (5.509)
- Module::Install::Base             ...loaded. (1.19)
- Moose                             ...loaded. (2.2201)
- Moose::Role                       ...loaded. (2.2201)
- Moose::Util                       ...loaded. (2.2201)
- MooseX::MarkAsMethods             ...loaded. (0.15)
- MooseX::NonMoose                  ...loaded. (0.26)
- namespace::autoclean              ...loaded. (0.29)
- Net::FTP                          ...loaded. (3.10)
- Net::FTP::Mock                    ...loaded. (0.103300)
- Net::SFTP::Foreign                ...loaded. (1.93)
- Net::IDN::Encode                  ...loaded. (2.500)
- Net::LDAP                         ...loaded. (0.68)
- Net::IP                           ...loaded. (1.26)
- Net::DNS                          ...loaded. (1.14)
- Net::Whois::Raw                   ...loaded. (2.99032)
- Number::Format                    ...loaded. (1.75)
- Number::Phone                     ...loaded. (3.8001)
- Number::Phone::Normalize          ...loaded. (0.220)
- Parse::BBCode                     ...loaded. (0.15)
- Path::Class                       ...loaded. (0.37)
- PDF::API2                         ...loaded. (2.042)
- PPI                               ...loaded. (1.270)
- Export::Attrs                     ...loaded. (v0.1.0)
- Petal                             ...loaded. (2.26)
- Regexp::Common                    ...loaded. (2017060201)
- Set::Scalar                       ...loaded. (1.29)
- SOAP::Lite                        ...loaded. (1.27)
- Sort::Versions                    ...loaded. (1.62)
- String::MkPasswd                  ...loaded. (0.05)
- String::ShellQuote                ...loaded. (1.04)
- String::Util                      ...loaded. (1.32)
- Sys::Hostname::FQDN               ...loaded. (0.12)
- Sys::Hostname::Long               ...loaded. (1.5)
- Template                          ...loaded. (3.009)
- Tie::EncryptedHash                ...loaded. (1.8)
- Term::UI                          ...loaded. (0.50)
- Test::WWW::Mechanize::Catalyst    ...loaded. (0.62)
- Test::WWW::WebKit2::Catalyst      ...loaded. (0.1)
- Text::CSV::Encoded                ...loaded. (0.25)
- Text::Iconv                       ...loaded. (1.7)
- Time::Duration                    ...loaded. (1.21)
- Travel::Routing::DE::EFA          ...loaded. (2.19)
- Try::Tiny                         ...loaded. (0.30)
- UUID                              ...loaded. (0.28)
- URI                               ...loaded. (5.10 >= 1.71)
- URI::Escape                       ...loaded. (5.10)
- URI::Find                         ...loaded. (20160806)
- v6                                ...loaded. (0.047)
- WWW::Mechanize                    ...loaded. (2.06)
- WWW::Curl::Easy                   ...loaded. (4.17)
- WWW::WebKit2                      ...loaded. (0.132 >= 0.125)
- XML::LibXML                       ...loaded. (2.0207 >= 2.0132)
- Math::Round                       ...loaded. (0.07)
- Net::LDAP::Server::Test           ...loaded. (0.22 >= 0.15)
- Selenium::Remote::WDKeys          ...loaded. (1.45)
- App::Sqitch                       ...loaded. (v1.1.0)
- MooseX::ClassAttribute            ...loaded. (0.29)
- URI::Encode                       ...loaded. (1.1.1)
- DBIx::Class::Schema::Loader       ...loaded. (0.07049 >= 0.07046)
- Perl::Tidy                        ...loaded. (20200110 >= 20160302)
*** Module::AutoInstall configuration finished.
include inc/Module/Install/Makefile.pm
include inc/Module/Install/WriteAll.pm
include inc/Module/Install/Win32.pm
include inc/Module/Install/Can.pm
include inc/Module/Install/Fetch.pm
No license specified, setting license = 'unknown'
Generating a Unix-style Makefile
Writing Makefile for Atikon
Writing MYMETA.yml and MYMETA.json
Writing META.yml
Checking dependencies from MYMETA.json ...
Checking if you have Config::General 0 ... Yes (2.63)
Checking if you have Crypt::Random 0 ... Yes (1.54)
Checking if you have Digest::MD2 0 ... Yes (2.04)
Checking if you have MooseX::NonMoose 0 ... Yes (0.26)
Checking if you have Number::Phone::Normalize 0 ... Yes (0.220)
Checking if you have HTTP::Status 0 ... Yes (6.35)
Checking if you have Email::Valid 0 ... Yes (1.202)
Checking if you have PDF::API2 0 ... Yes (2.042)
Checking if you have Email::MIME::CreateHTML 1.041 ... Yes (1.042)
Checking if you have HTML::TokeParser 0 ... Yes (3.69)
Checking if you have Parse::BBCode 0 ... Yes (0.15)
Checking if you have Module::Install::Base 0 ... Yes (1.19)
Checking if you have Petal 0 ... Yes (2.26)
Checking if you have Net::Whois::Raw 0 ... Yes (2.99032)
Checking if you have Moose 0 ... Yes (2.2201)
Checking if you have Crypt::RSA::Primitives 0 ... Yes (undef)
Checking if you have MIME::Parser 0 ... Yes (5.509)
Checking if you have Data::ICal::Entry::Event 0 ... Yes (undef)
Checking if you have Math::Round 0 ... Yes (0.07)
Checking if you have URI::Escape 0 ... Yes (5.10)
Checking if you have ExtUtils::MakeMaker 0 ... Yes (7.64)
Checking if you have GeoIP2::Database::Reader 0 ... Yes (2.006002)
Checking if you have Email::Stuffer 0 ... Yes (0.018)
Checking if you have String::ShellQuote 0 ... Yes (1.04)
Checking if you have PPI 0 ... Yes (1.270)
Checking if you have AnyEvent::Worker::Pool 0 ... Yes (undef)
Checking if you have WWW::Mechanize 0 ... Yes (2.06)
Checking if you have Perl::Tidy 20160302 ... Yes (20200110)
Checking if you have AnyEvent 0 ... Yes (7.17)
Checking if you have Data::ICal::Entry::Alarm::Display 0 ... Yes (undef)
Checking if you have WWW::WebKit2 0.125 ... Yes (0.132)
Checking if you have URI::Encode 0 ... Yes (1.1.1)
Checking if you have File::Slurp 0 ... Yes (9999.32)
Checking if you have Net::LDAP 0 ... Yes (0.68)
Checking if you have Tie::EncryptedHash 0 ... Yes (1.8)
Checking if you have HTTP::Response 0 ... Yes (6.35)
Checking if you have MIME::Words 0 ... Yes (5.509)
Checking if you have HTML::Entities 0 ... Yes (3.69)
Checking if you have Digest::SHA 0 ... Yes (5.96)
Checking if you have Text::Iconv 0 ... Yes (1.7)
Checking if you have Clone 0 ... Yes (0.45)
Checking if you have Crypt::OpenPGP 0 ... Yes (1.12)
Checking if you have Selenium::Remote::WDKeys 0 ... Yes (1.45)
Checking if you have HTML::Strip 0 ... Yes (2.10)
Checking if you have Email::Sender::Simple 0 ... Yes (2.500)
Checking if you have Crypt::RSA::Key::Public 0 ... Yes (1.99)
Checking if you have Data::FormValidator 0 ... Yes (4.88)
Checking if you have Crypt::Primes 0 ... Yes (0.50)
Checking if you have Try::Tiny 0 ... Yes (0.30)
Checking if you have DBIx::Class::Schema::Loader 0.07046 ... Yes (0.07049)
Checking if you have File::Slurper 0 ... Yes (0.012)
Checking if you have Crypt::OpenSSL::RSA 0 ... Yes (0.32)
Checking if you have Cache::File 0 ... Yes (2.11)
Checking if you have HTML::Parser 0 ... Yes (3.72)
Checking if you have Crypt::OpenPGP::Key 0 ... Yes (undef)
Checking if you have Email::MessageID 0 ... Yes (1.406)
Checking if you have Number::Format 0 ... Yes (1.75)
Checking if you have Net::LDAP::Server::Test 0.15 ... Yes (0.22)
Checking if you have Digest::SHA1 0 ... Yes (2.13)
Checking if you have File::Find::Rule 0 ... Yes (0.34)
Checking if you have Export::Attrs 0 ... Yes (v0.1.0)
Checking if you have Term::UI 0 ... Yes (0.50)
Checking if you have DBIx::Class 0 ... Yes (0.082842)
Checking if you have Net::SFTP::Foreign 0 ... Yes (1.93)
Checking if you have LWP::Simple 0 ... Yes (6.58)
Checking if you have IO::String 0 ... Yes (1.08)
Checking if you have Date::Parse 0 ... Yes (2.30)
Checking if you have JSON 0 ... Yes (4.03)
Checking if you have Gtk3 0 ... Yes (0.038)
Checking if you have Crypt::OpenPGP::UserID 0 ... Yes (undef)
Checking if you have Config::Any 0 ... Yes (0.32)
Checking if you have Text::CSV::Encoded 0 ... Yes (0.25)
Checking if you have Net::FTP::Mock 0 ... Yes (0.103300)
Checking if you have XML::LibXML 2.0132 ... Yes (2.0207)
Checking if you have Crypt::RSA::Key 0 ... Yes (1.99)
Checking if you have Crypt::OpenPGP::Certificate 0 ... Yes (undef)
Checking if you have LWP::ConnCache 0 ... Yes (6.58)
Checking if you have File::Find 0 ... Yes (1.34)
Checking if you have DateTime::Format::Pg 0 ... Yes (0.16014)
Checking if you have Log::Log4perl 0 ... Yes (1.54)
Checking if you have Gtk3::WebKit2 0 ... Yes (0.013)
Checking if you have Crypt::RSA::DataFormat 0 ... Yes (undef)
Checking if you have Net::DNS 0 ... Yes (1.14)
Checking if you have Crypt::RSA::Debug 0 ... Yes (undef)
Checking if you have File::MimeInfo 0 ... Yes (0.30)
Checking if you have Travel::Routing::DE::EFA 0 ... Yes (2.19)
Checking if you have namespace::autoclean 0 ... Yes (0.29)
Checking if you have Bytes::Random::Secure 0 ... Yes (0.29)
Checking if you have File::Flock 0 ... Yes (2014.01)
Checking if you have App::Sqitch 0 ... Yes (v1.1.0)
Checking if you have SOAP::Lite 0 ... Yes (1.27)
Checking if you have Data::Validate::Domain 0 ... Yes (0.15)
Checking if you have UUID 0 ... Yes (0.28)
Checking if you have Date::Manip 0 ... Yes (6.86)
Checking if you have Inline::C 0.76 ... Yes (0.81)
Checking if you have Net::IDN::Encode 0 ... Yes (2.500)
Checking if you have Capture::Tiny 0 ... Yes (0.48)
Checking if you have Math::Pari 0 ... Yes (2.030518)
Checking if you have Crypt::RSA::Key::Private 0 ... Yes (1.99)
Checking if you have Sys::Hostname::Long 0 ... Yes (1.5)
Checking if you have IO::Select 0 ... Yes (1.22)
Checking if you have Inline 0 ... Yes (0.86)
Checking if you have String::MkPasswd 0 ... Yes (0.05)
Checking if you have HTML::TreeBuilder::XPath 0 ... Yes (0.14)
Checking if you have Array::Compare 0 ... Yes (3.0.8)
Checking if you have Path::Class 0 ... Yes (0.37)
Checking if you have Authen::Simple::Password 0 ... Yes (undef)
Checking if you have DBI 0 ... Yes (1.642)
Checking if you have DateTime::Format::Flexible 0.34 ... Yes (0.34)
Checking if you have Data::ICal 0 ... Yes (0.24)
Checking if you have Data::Buffer 0 ... Yes (0.04)
Checking if you have String::Util 0 ... Yes (1.32)
Checking if you have Email::MIME 0 ... Yes (1.949)
Checking if you have File::Copy::Recursive 0 ... Yes (0.45)
Checking if you have Moose::Util 0 ... Yes (2.2201)
Checking if you have Convert::ASCII::Armour 0 ... Yes (1.4)
Checking if you have URI 1.71 ... Yes (5.10)
Checking if you have Catalyst::EngineLoader 0 ... Yes (undef)
Checking if you have Test::WWW::Mechanize::Catalyst 0 ... Yes (0.62)
Checking if you have DateTime 0 ... Yes (1.45)
Checking if you have Test::WWW::WebKit2::Catalyst 0 ... Yes (0.1)
Checking if you have IO::Stringy 0 ... Yes (2.113)
Checking if you have Crypt::OpenPGP::KeyBlock 0 ... Yes (undef)
Checking if you have List::UtilsBy 0 ... Yes (0.11)
Checking if you have Sys::Hostname::FQDN 0 ... Yes (0.12)
Checking if you have Regexp::Common 0 ... Yes (2017060201)
Checking if you have LWP::UserAgent 6.33 ... Yes (6.58)
Checking if you have HTML::TreeBuilder 0 ... Yes (5.07)
Checking if you have DateTime::Format::DateParse 0 ... Yes (0.05)
Checking if you have DBIx::Class::AuditLog 0 ... Yes (0.6.4)
Checking if you have Time::Duration 0 ... Yes (1.21)
Checking if you have List::MoreUtils 0 ... Yes (0.430)
Checking if you have IO::Socket::SSL 2.044 ... Yes (2.066)
Checking if you have common::sense 0 ... Yes (3.75)
Checking if you have Email::Address 0 ... Yes (1.912)
Checking if you have Set::Scalar 0 ... Yes (1.29)
Checking if you have Date::ICal 0 ... Yes (2.678)
Checking if you have v6 0 ... Yes (0.047)
Checking if you have Moose::Role 0 ... Yes (2.2201)
Checking if you have URI::Find 0 ... Yes (20160806)
Checking if you have Net::FTP 0 ... Yes (3.10)
Checking if you have MooseX::ClassAttribute 0 ... Yes (0.29)
Checking if you have Crypt::RSA 0 ... Yes (1.99)
Checking if you have Crypt::CBC 0 ... Yes (3.04)
Checking if you have Number::Phone 0 ... Yes (3.8001)
Checking if you have Template 0 ... Yes (3.009)
Checking if you have Crypt::OpenPGP::Signature 0 ... Yes (undef)
Checking if you have Net::IP 0 ... Yes (1.26)
Checking if you have Sort::Versions 0 ... Yes (1.62)
Checking if you have HTTP::Request::Common 0 ... Yes (6.35)
Checking if you have MooseX::MarkAsMethods 0 ... Yes (0.15)
Checking if you have Catalyst 0 ... Yes (5.90128)
Checking if you have Data::ICal::DateTime 0 ... Yes (0.82)
Checking if you have WWW::Curl::Easy 0 ... Yes (4.17)
Expiring 3 work directories.
OK
<== Installed dependencies for /var/jenkins/workspace/Onlinetools/repo/Atikon. Finishing.
+ /opt/atikon/bin/atikon-xvfb-run /usr/bin/cpanm -v --auto-cleanup 1 -l /var/jenkins/workspace/Onlinetools/local-lib --mirror http://cpan.atikon.io:3111/stacks/master --mirror-only --installdeps /var/jenkins/workspace/Onlinetools/repo/onlinetools
cpanm (App::cpanminus) 1.7045 on perl 5.026001 built for x86_64-linux-thread-multi
Work directory is /var/lib/jenkins/.cpanm/work/1650991646.7389
You have make /usr/bin/make
You have LWP 6.58
You have /usr/bin/tar: tar (GNU tar) 1.30
Copyright (C) 2017 Free Software Foundation, Inc.
License GPLv3+: GNU GPL version 3 or later <https://gnu.org/licenses/gpl.html>.
This is free software: you are free to change and redistribute it.
There is NO WARRANTY, to the extent permitted by law.

Written by John Gilmore and Jay Fenlason.
You have /usr/bin/unzip
Entering /var/jenkins/workspace/Onlinetools/repo/onlinetools
Running Makefile.PL
--> Working on /var/jenkins/workspace/Onlinetools/repo/onlinetools
Configuring /var/jenkins/workspace/Onlinetools/repo/onlinetools ... include /var/jenkins/workspace/Onlinetools/repo/onlinetools/inc/Module/Install.pm
include inc/Module/Install/Metadata.pm
include inc/Module/Install/Base.pm
fatal: cannot change to 'describe': No such file or directory
Cannot determine perl version info from lib/Atikon/OnlineTools.pm
include inc/Module/Install/Makefile.pm
include inc/Module/Install/Catalyst.pm
include inc/Module/Install/Include.pm
include inc/File/Copy/Recursive.pm
*** Module::Install::Catalyst
*** Module::Install::Catalyst finished.
include inc/Module/Install/Scripts.pm
include inc/Module/Install/AutoInstall.pm
include inc/Module/AutoInstall.pm
*** Module::AutoInstall version 1.19
*** Checking for Perl dependencies...
*** Since we're running under cpanminus, I'll just let it take care
    of the dependency's installation later.
[Core Features]
- Test::Deep                                   ...loaded. (1.130)
- Algorithm::Numerical::Shuffle                ...loaded. (2009110301)
- AnyEvent                                     ...loaded. (7.17)
- AnyEvent::Worker::Pool                       ...loaded. (undef)
- Business::Tax::VAT::Validation               ...loaded. (1.21 >= 1.21)
- Bytes::Random::Secure                        ...loaded. (0.29)
- Cairo::GObject                               ...loaded. (1.005)
- Catalyst                                     ...loaded. (5.90128 >= 5.7007)
- Catalyst::Action::RenderView                 ...loaded. (0.16)
- Catalyst::Authentication::Credential::HTTP   ...loaded. (1.018)
- Catalyst::Authentication::Store::DBIx::Class ...loaded. (0.1506)
- Catalyst::Authentication::Store::LDAP        ...loaded. (1.017)
- Catalyst::Exception                          ...loaded. (undef)
- Catalyst::Model::DBI                         ...loaded. (0.32)
- Catalyst::Model::DBIC::Schema                ...loaded. (0.65)
- Catalyst::Model::LDAP                        ...loaded. (0.21)
- Catalyst::Plugin::Captcha                    ...loaded. (0.04)
- Catalyst::Plugin::ConfigLoader               ...loaded. (0.35)
- Catalyst::Plugin::FormValidator              ...loaded. (0.094)
- Catalyst::Plugin::Session                    ...loaded. (0.41)
- Catalyst::Plugin::Session::State::Cookie     ...loaded. (0.18)
- Catalyst::Plugin::Session::State::URI        ...loaded. (0.15)
- Catalyst::Plugin::Session::Store::DBIC       ...loaded. (0.14)
- Catalyst::Plugin::Static::Simple             ...loaded. (0.37)
- Catalyst::Plugin::Unicode::Encoding          ...loaded. (5.90128)
- Catalyst::Runtime                            ...loaded. (5.90128)
- Catalyst::ScriptRunner                       ...loaded. (undef)
- Catalyst::View::JSON                         ...loaded. (0.37)
- Catalyst::View::Petal                        ...loaded. (0.03)
- Chart::Clicker                               ...loaded. (2.90)
- Chart::Clicker::Context                      ...loaded. (2.90)
- Chart::Clicker::Data::DataSet                ...loaded. (2.90)
- Chart::Clicker::Data::Range                  ...loaded. (2.90)
- Chart::Clicker::Data::Series                 ...loaded. (2.90)
- Chart::Clicker::Drawing::ColorAllocator      ...loaded. (2.90)
- Chart::Clicker::Renderer::Bar                ...loaded. (2.90)
- Chart::Clicker::Renderer::Pie                ...loaded. (2.90)
- Chart::Pie                                   ...loaded. (2.4.10)
- common::sense                                ...loaded. (3.75)
- Config::Any                                  ...loaded. (0.32)
- Config::Merged                               ...loaded. (0.05)
- Crypt::CBC                                   ...loaded. (3.04)
- Crypt::DSA                                   ...loaded. (1.17 >= 1.17)
- Crypt::OpenPGP                               ...loaded. (1.12)
- Crypt::OpenPGP::Certificate                  ...loaded. (undef)
- Crypt::OpenPGP::Key                          ...loaded. (undef)
- Crypt::OpenPGP::KeyBlock                     ...loaded. (undef)
- Crypt::OpenPGP::Signature                    ...loaded. (undef)
- Crypt::OpenPGP::UserID                       ...loaded. (undef)
- Crypt::OpenSSL::RSA                          ...loaded. (0.32)
- Crypt::PBKDF2                                ...loaded. (0.161520)
- Crypt::RSA                                   ...loaded. (1.99)
- Crypt::Rijndael                              ...loaded. (1.16)
- DBI                                          ...loaded. (1.642)
- DBIx::Class::Schema                          ...loaded. (undef)
- Data::Compare                                ...loaded. (1.27)
- Data::FormValidator                          ...loaded. (4.88 >= 4.63)
- Data::FormValidator::Constraints             ...loaded. (4.88)
- Data::FormValidator::Filters                 ...loaded. (4.88)
- Data::ICal                                   ...loaded. (0.24)
- Data::Pageset                                ...loaded. (1.06)
- Data::UUID                                   ...loaded. (1.226)
- Data::Validate::URI                          ...loaded. (0.07)
- Date::Gregorian                              ...loaded. (0.13)
- Date::Gregorian::Business                    ...loaded. (0.13)
- DateTime                                     ...loaded. (1.45)
- DateTime::Format::Flexible                   ...loaded. (0.34)
- DateTime::Format::Pg                         ...loaded. (0.16014)
- Digest::SHA                                  ...loaded. (5.96)
- Email::Address                               ...loaded. (1.912)
- Email::MIME::CreateHTML                      ...loaded. (1.042 >= 1.041)
- Email::MessageID                             ...loaded. (1.406)
- Email::Sender::Simple                        ...loaded. (2.500)
- Email::Stuffer                               ...loaded. (0.018)
- Email::Valid                                 ...loaded. (1.202)
- Encode                                       ...loaded. (3.16)
- Encode::Guess                                ...loaded. (2.08)
- Export::Attrs                                ...loaded. (v0.1.0)
- File::Find::Rule                             ...loaded. (0.34)
- File::Path                                   ...loaded. (2.12_01)
- File::Slurp                                  ...loaded. (9999.32)
- File::Slurper                                ...loaded. (0.012)
- File::Util                                   ...loaded. (4.201720)
- GD::Graph::bars                              ...loaded. (1.26)
- GD::Graph::pie                               ...loaded. (1.21)
- Graphics::Color::RGB                         ...loaded. (0.31)
- Gtk3                                         ...loaded. (0.038)
- Gtk3::WebKit2                                ...loaded. (0.013)
- HTML::Entities                               ...loaded. (3.69)
- HTML::Escape                                 ...loaded. (1.11)
- HTML::FormatText::WithLinks                  ...loaded. (0.15)
- HTML::HeadParser                             ...loaded. (3.71)
- HTML::TreeBuilder::XPath                     ...loaded. (0.14)
- HTTP::BrowserDetect                          ...loaded. (3.35 >= 3.14)
- HTTP::Date                                   ...loaded. (6.02)
- HTTP::Headers                                ...loaded. (6.35)
- HTTP::Request::Common                        ...loaded. (6.35)
- HTML::Selector::XPath                        ...loaded. (0.25)
- IO::String                                   ...loaded. (1.08)
- Image::Compare                               ...loaded. (1.03)
- Image::Imlib2                                ...loaded. (2.03)
- Image::Size                                  ...loaded. (3.300)
- JSON                                         ...loaded. (4.03)
- JSON::XS                                     ...loaded. (4.03)
- LWP::Simple                                  ...loaded. (6.58)
- LWP::UserAgent                               ...loaded. (6.58)
- List::MoreUtils                              ...loaded. (0.430)
- List::Util                                   ...loaded. (1.60)
- Log::Log4perl                                ...loaded. (1.54)
- MIME::Base64                                 ...loaded. (3.15)
- MIME::Parser                                 ...loaded. (5.509)
- MIME::Words                                  ...loaded. (5.509)
- Mail::IMAPClient                             ...loaded. (3.42)
- Math::BigFloat                               ...loaded. (1.999827 >= 1.999825)
- Math::BigInt                                 ...loaded. (1.999827 >= 1.88)
- Math::BigInt::GMP                            ...loaded. (1.6009)
- Math::Round                                  ...loaded. (0.07)
- Module::Pluggable                            ...loaded. (5.2)
- Moose                                        ...loaded. (2.2201)
- Moose::Role                                  ...loaded. (2.2201)
- Moose::Util::TypeConstraints                 ...loaded. (2.2201)
- MooseX::ClassAttribute                       ...loaded. (0.29)
- namespace::autoclean                         ...loaded. (0.29)
- Net::Netmask                                 ...loaded. (2.0001)
- Net::LDAP                                    ...loaded. (0.68)
- Net::Server::Mail::SMTP                      ...loaded. (0.26)
- Number::Format                               ...loaded. (1.75)
- parent                                       ...loaded. (0.236)
- PDF::API2                                    ...loaded. (2.042)
- POSIX                                        ...loaded. (1.76)
- Parse::BBCode                                ...loaded. (0.15)
- Path::Class                                  ...loaded. (0.37)
- Perl6::Export                                ...loaded. (0.009)
- Perl6::Slurp                                 ...loaded. (0.051005)
- Petal                                        ...loaded. (2.26)
- Petal::TranslationService::Gettext           ...loaded. (undef)
- Petal::Utils                                 ...loaded. (0.06)
- Sisimai                                      ...loaded. (v4.25.11)
- SMS::Send                                    ...loaded. (1.06)
- SMS::Send::AT::SmsAt                         ...loaded. (0.0.5)
- Socket                                       ...loaded. (2.020_03)
- String::MkPasswd                             ...loaded. (0.05)
- String::Util                                 ...loaded. (1.32)
- Sub::Exporter                                ...loaded. (0.988)
- Sub::Exporter::Util                          ...loaded. (0.988)
- Sys::Hostname                                ...loaded. (1.20)
- Sys::Hostname::FQDN                          ...loaded. (0.12)
- Template                                     ...loaded. (3.009)
- Term::ANSIColor::Simple                      ...loaded. (0.10)
- Term::Size::Any                              ...loaded. (0.002)
- Test::Exception                              ...loaded. (0.43)
- Test::Deep                                   ...loaded. (1.130)
- Test::MockObject                             ...loaded. (1.20200122)
- Test::MockObject::Extends                    ...loaded. (1.20200122)
- Test::More                                   ...loaded. (1.302188)
- Test::WWW::WebKit2                           ...loaded. (0.113 >= 0.113)
- Test::WWW::WebKit2::Catalyst                 ...loaded. (0.1)
- Text::CSV::Encoded                           ...loaded. (0.25)
- Text::CSV_XS                                 ...loaded. (1.34 >= 0.67)
- Text::Diff                                   ...loaded. (1.45)
- Text::Password::Pronounceable                ...loaded. (0.30)
- Text::Template                               ...loaded. (1.60)
- Try::Tiny                                    ...loaded. (0.30)
- URI                                          ...loaded. (5.10)
- URI::Encode                                  ...loaded. (1.1.1)
- URI::Escape                                  ...loaded. (5.10)
- URI::Find                                    ...loaded. (20160806)
- UUID                                         ...loaded. (0.28 >= 0.28)
- WWW::Mechanize                               ...loaded. (2.06 >= 1.84)
- WWW::Mechanize::Plugin::FollowMetaRedirect   ...loaded. (0.03)
- WWW::WebKit2                                 ...loaded. (0.132 >= 0.132)
- WebService::Validator::CSS::W3C              ...loaded. (0.3)
- WebService::Validator::HTML::W3C             ...loaded. (0.28)
- XML::LibXML                                  ...loaded. (2.0207)
- XML::LibXML::XPathContext                    ...loaded. (2.0207)
- XML::Validate::LibXML                        ...loaded. (1.020)
- YAML                                         ...loaded. (1.24)
*** Module::AutoInstall configuration finished.
include inc/Module/Install/WriteAll.pm
include inc/Module/Install/Win32.pm
include inc/Module/Install/Can.pm
include inc/Module/Install/Fetch.pm
fatal: cannot change to 'describe': No such file or directory
WARNING: Setting VERSION via file 'lib/Atikon/OnlineTools.pm' failed
 at /usr/lib/perl5/vendor_perl/5.26.1/ExtUtils/MakeMaker.pm line 761.
Generating a Unix-style Makefile
Writing Makefile for Atikon::OnlineTools
Writing MYMETA.yml and MYMETA.json
Writing META.yml
Checking dependencies from MYMETA.json ...
Checking if you have parent 0 ... Yes (0.236)
Checking if you have Chart::Clicker::Data::Range 0 ... Yes (2.90)
Checking if you have WebService::Validator::CSS::W3C 0 ... Yes (0.3)
Checking if you have SMS::Send 0 ... Yes (1.06)
Checking if you have Data::FormValidator::Constraints 0 ... Yes (4.88)
Checking if you have Text::Password::Pronounceable 0 ... Yes (0.30)
Checking if you have File::Find::Rule 0 ... Yes (0.34)
Checking if you have WWW::WebKit2 0.132 ... Yes (0.132)
Checking if you have Bytes::Random::Secure 0 ... Yes (0.29)
Checking if you have Catalyst::Authentication::Store::LDAP 0 ... Yes (1.017)
Checking if you have XML::LibXML 0 ... Yes (2.0207)
Checking if you have Moose::Util::TypeConstraints 0 ... Yes (2.2201)
Checking if you have HTML::Escape 0 ... Yes (1.11)
Checking if you have Crypt::OpenPGP::Certificate 0 ... Yes (undef)
Checking if you have Email::Stuffer 0 ... Yes (0.018)
Checking if you have Crypt::OpenPGP::Signature 0 ... Yes (undef)
Checking if you have Date::Gregorian::Business 0 ... Yes (0.13)
Checking if you have Crypt::OpenPGP::Key 0 ... Yes (undef)
Checking if you have Data::Compare 0 ... Yes (1.27)
Checking if you have Sisimai 0 ... Yes (v4.25.11)
Checking if you have Net::Netmask 0 ... Yes (2.0001)
Checking if you have Chart::Clicker::Data::DataSet 0 ... Yes (2.90)
Checking if you have Sys::Hostname 0 ... Yes (1.20)
Checking if you have Module::Pluggable 0 ... Yes (5.2)
Checking if you have HTTP::Headers 0 ... Yes (6.35)
Checking if you have HTML::Entities 0 ... Yes (3.69)
Checking if you have Path::Class 0 ... Yes (0.37)
Checking if you have Moose 0 ... Yes (2.2201)
Checking if you have WWW::Mechanize::Plugin::FollowMetaRedirect 0 ... Yes (0.03)
Checking if you have Encode 0 ... Yes (3.16)
Checking if you have Crypt::OpenPGP::UserID 0 ... Yes (undef)
Checking if you have String::MkPasswd 0 ... Yes (0.05)
Checking if you have HTML::TreeBuilder::XPath 0 ... Yes (0.14)
Checking if you have Chart::Clicker::Context 0 ... Yes (2.90)
Checking if you have Perl6::Export 0 ... Yes (0.009)
Checking if you have Catalyst::View::JSON 0 ... Yes (0.37)
Checking if you have Catalyst::ScriptRunner 0 ... Yes (undef)
Checking if you have Email::MessageID 0 ... Yes (1.406)
Checking if you have HTML::HeadParser 0 ... Yes (3.71)
Checking if you have Encode::Guess 0 ... Yes (2.08)
Checking if you have POSIX 0 ... Yes (1.76)
Checking if you have GD::Graph::bars 0 ... Yes (1.26)
Checking if you have Catalyst::Plugin::Session::State::Cookie 0 ... Yes (0.18)
Checking if you have Chart::Clicker::Data::Series 0 ... Yes (2.90)
Checking if you have List::MoreUtils 0 ... Yes (0.430)
Checking if you have Graphics::Color::RGB 0 ... Yes (0.31)
Checking if you have Catalyst::Action::RenderView 0 ... Yes (0.16)
Checking if you have Text::CSV::Encoded 0 ... Yes (0.25)
Checking if you have Log::Log4perl 0 ... Yes (1.54)
Checking if you have DateTime 0 ... Yes (1.45)
Checking if you have Export::Attrs 0 ... Yes (v0.1.0)
Checking if you have Test::WWW::WebKit2 0.113 ... Yes (0.113)
Checking if you have DBI 0 ... Yes (1.642)
Checking if you have Catalyst::Plugin::Static::Simple 0 ... Yes (0.37)
Checking if you have MIME::Words 0 ... Yes (5.509)
Checking if you have namespace::autoclean 0 ... Yes (0.29)
Checking if you have Crypt::PBKDF2 0 ... Yes (0.161520)
Checking if you have Socket 0 ... Yes (2.020_03)
Checking if you have Catalyst::Model::LDAP 0 ... Yes (0.21)
Checking if you have Sub::Exporter::Util 0 ... Yes (0.988)
Checking if you have Catalyst::Plugin::Unicode::Encoding 0 ... Yes (5.90128)
Checking if you have File::Slurp 0 ... Yes (9999.32)
Checking if you have Crypt::CBC 0 ... Yes (3.04)
Checking if you have Digest::SHA 0 ... Yes (5.96)
Checking if you have Catalyst::Plugin::Session::State::URI 0 ... Yes (0.15)
Checking if you have HTTP::Date 0 ... Yes (6.02)
Checking if you have Email::Sender::Simple 0 ... Yes (2.500)
Checking if you have IO::String 0 ... Yes (1.08)
Checking if you have Term::Size::Any 0 ... Yes (0.002)
Checking if you have Catalyst::Model::DBIC::Schema 0 ... Yes (0.65)
Checking if you have HTML::Selector::XPath 0 ... Yes (0.25)
Checking if you have Gtk3::WebKit2 0 ... Yes (0.013)
Checking if you have Net::Server::Mail::SMTP 0 ... Yes (0.26)
Checking if you have Crypt::RSA 0 ... Yes (1.99)
Checking if you have GD::Graph::pie 0 ... Yes (1.21)
Checking if you have Catalyst::Authentication::Store::DBIx::Class 0 ... Yes (0.1506)
Checking if you have SMS::Send::AT::SmsAt 0 ... Yes (0.0.5)
Checking if you have File::Slurper 0 ... Yes (0.012)
Checking if you have Test::Exception 0 ... Yes (0.43)
Checking if you have WebService::Validator::HTML::W3C 0 ... Yes (0.28)
Checking if you have Catalyst::View::Petal 0 ... Yes (0.03)
Checking if you have Sub::Exporter 0 ... Yes (0.988)
Checking if you have Parse::BBCode 0 ... Yes (0.15)
Checking if you have Image::Size 0 ... Yes (3.300)
Checking if you have Try::Tiny 0 ... Yes (0.30)
Checking if you have Test::Deep 0 ... Yes (1.130)
Checking if you have WWW::Mechanize 1.84 ... Yes (2.06)
Checking if you have Crypt::OpenSSL::RSA 0 ... Yes (0.32)
Checking if you have Text::Template 0 ... Yes (1.60)
Checking if you have Petal 0 ... Yes (2.26)
Checking if you have Catalyst::Plugin::FormValidator 0 ... Yes (0.094)
Checking if you have AnyEvent::Worker::Pool 0 ... Yes (undef)
Checking if you have Crypt::OpenPGP 0 ... Yes (1.12)
Checking if you have MooseX::ClassAttribute 0 ... Yes (0.29)
Checking if you have HTML::FormatText::WithLinks 0 ... Yes (0.15)
Checking if you have Catalyst::Runtime 0 ... Yes (5.90128)
Checking if you have Algorithm::Numerical::Shuffle 0 ... Yes (2009110301)
Checking if you have Crypt::DSA 1.17 ... Yes (1.17)
Checking if you have Math::Round 0 ... Yes (0.07)
Checking if you have Test::WWW::WebKit2::Catalyst 0 ... Yes (0.1)
Checking if you have Crypt::Rijndael 0 ... Yes (1.16)
Checking if you have Math::BigInt 1.88 ... Yes (1.999827)
Checking if you have Petal::TranslationService::Gettext 0 ... Yes (undef)
Checking if you have Math::BigFloat 1.999825 ... Yes (1.999827)
Checking if you have File::Util 0 ... Yes (4.201720)
Checking if you have Config::Merged 0 ... Yes (0.05)
Checking if you have DateTime::Format::Pg 0 ... Yes (0.16014)
Checking if you have Mail::IMAPClient 0 ... Yes (3.42)
Checking if you have Text::Diff 0 ... Yes (1.45)
Checking if you have LWP::UserAgent 0 ... Yes (6.58)
Checking if you have Petal::Utils 0 ... Yes (0.06)
Checking if you have Catalyst::Plugin::Captcha 0 ... Yes (0.04)
Checking if you have Chart::Pie 0 ... Yes (2.4.10)
Checking if you have MIME::Parser 0 ... Yes (5.509)
Checking if you have YAML 0 ... Yes (1.24)
Checking if you have Catalyst::Plugin::ConfigLoader 0 ... Yes (0.35)
Checking if you have Data::FormValidator::Filters 0 ... Yes (4.88)
Checking if you have LWP::Simple 0 ... Yes (6.58)
Checking if you have Image::Imlib2 0 ... Yes (2.03)
Checking if you have XML::LibXML::XPathContext 0 ... Yes (2.0207)
Checking if you have Term::ANSIColor::Simple 0 ... Yes (0.10)
Checking if you have common::sense 0 ... Yes (3.75)
Checking if you have PDF::API2 0 ... Yes (2.042)
Checking if you have Data::ICal 0 ... Yes (0.24)
Checking if you have Data::Pageset 0 ... Yes (1.06)
Checking if you have Image::Compare 0 ... Yes (1.03)
Checking if you have Sys::Hostname::FQDN 0 ... Yes (0.12)
Checking if you have Catalyst::Plugin::Session 0 ... Yes (0.41)
Checking if you have Date::Gregorian 0 ... Yes (0.13)
Checking if you have Data::FormValidator 4.63 ... Yes (4.88)
Checking if you have String::Util 0 ... Yes (1.32)
Checking if you have Data::Validate::URI 0 ... Yes (0.07)
Checking if you have MIME::Base64 0 ... Yes (3.15)
Checking if you have Net::LDAP 0 ... Yes (0.68)
Checking if you have URI 0 ... Yes (5.10)
Checking if you have HTTP::Request::Common 0 ... Yes (6.35)
Checking if you have Crypt::OpenPGP::KeyBlock 0 ... Yes (undef)
Checking if you have Email::Valid 0 ... Yes (1.202)
Checking if you have Perl6::Slurp 0 ... Yes (0.051005)
Checking if you have Chart::Clicker::Renderer::Bar 0 ... Yes (2.90)
Checking if you have Template 0 ... Yes (3.009)
Checking if you have Math::BigInt::GMP 0 ... Yes (1.6009)
Checking if you have Catalyst::Authentication::Credential::HTTP 0 ... Yes (1.018)
Checking if you have List::Util 0 ... Yes (1.60)
Checking if you have File::Path 0 ... Yes (2.12_01)
Checking if you have Test::More 0 ... Yes (1.302188)
Checking if you have Number::Format 0 ... Yes (1.75)
Checking if you have DBIx::Class::Schema 0 ... Yes (undef)
Checking if you have Moose::Role 0 ... Yes (2.2201)
Checking if you have HTTP::BrowserDetect 3.14 ... Yes (3.35)
Checking if you have ExtUtils::MakeMaker 0 ... Yes (7.64)
Checking if you have URI::Find 0 ... Yes (20160806)
Checking if you have JSON 0 ... Yes (4.03)
Checking if you have Catalyst::Model::DBI 0 ... Yes (0.32)
Checking if you have Test::MockObject::Extends 0 ... Yes (1.20200122)
Checking if you have Email::MIME::CreateHTML 1.041 ... Yes (1.042)
Checking if you have URI::Encode 0 ... Yes (1.1.1)
Checking if you have Catalyst 5.7007 ... Yes (5.90128)
Checking if you have Cairo::GObject 0 ... Yes (1.005)
Checking if you have UUID 0.28 ... Yes (0.28)
Checking if you have Gtk3 0 ... Yes (0.038)
Checking if you have Catalyst::Exception 0 ... Yes (undef)
Checking if you have Chart::Clicker 0 ... Yes (2.90)
Checking if you have JSON::XS 0 ... Yes (4.03)
Checking if you have Catalyst::Plugin::Session::Store::DBIC 0 ... Yes (0.14)
Checking if you have URI::Escape 0 ... Yes (5.10)
Checking if you have Chart::Clicker::Drawing::ColorAllocator 0 ... Yes (2.90)
Checking if you have Config::Any 0 ... Yes (0.32)
Checking if you have Chart::Clicker::Renderer::Pie 0 ... Yes (2.90)
Checking if you have Email::Address 0 ... Yes (1.912)
Checking if you have AnyEvent 0 ... Yes (7.17)
Checking if you have Data::UUID 0 ... Yes (1.226)
Checking if you have Test::MockObject 0 ... Yes (1.20200122)
Checking if you have Business::Tax::VAT::Validation 1.21 ... Yes (1.21)
Checking if you have Text::CSV_XS 0.67 ... Yes (1.34)
Checking if you have DateTime::Format::Flexible 0 ... Yes (0.34)
Checking if you have XML::Validate::LibXML 0 ... Yes (1.020)
Expiring 1 work directories.
OK
<== Installed dependencies for /var/jenkins/workspace/Onlinetools/repo/onlinetools. Finishing.
+ /opt/atikon/jenkins/deploy_and_verify_all.sh
+ pushd /var/jenkins/workspace/Onlinetools/repo/Atikon
/var/jenkins/workspace/Onlinetools/repo/Atikon /var/jenkins/workspace/Onlinetools/repo/onlinetools
+ /bin/bash /opt/atikon/jenkins/timemngt/import_timemngt_jenkins.sh
+ set -e
+ psql postgres -c 'UPDATE pg_database SET datallowconn = '\''false'\'' WHERE datname = '\''timemngt_jenkins'\'''
UPDATE 1
+ psql postgres -c 'SELECT pg_terminate_backend(pid) FROM pg_stat_activity WHERE datname = '\''timemngt_jenkins'\'''
 pg_terminate_backend 
----------------------
(0 rows)

+ dropdb --if-exists timemngt_jenkins
+ createdb --lc-collate=en_US.UTF-8 timemngt_jenkins
+ psql timemngt_jenkins -c 'drop schema if exists public'
DROP SCHEMA
+ psql timemngt_jenkins -c 'create language plperlu'
CREATE EXTENSION
+ pg_restore -d timemngt_jenkins --no-acl --single-transaction --exit-on-error /opt/atikon/jenkins/timemngt/timemngt_schema.sql
+ pg_restore -d timemngt_jenkins --no-acl --single-transaction --exit-on-error /opt/atikon/jenkins/timemngt/timemngt_data.sql
+ psql timemngt_jenkins -c 'COPY checklist_entries FROM '\''/opt/atikon/jenkins/timemngt/timemngt_checklist_data.sql'\'''
COPY 2660
+ pg_restore -d timemngt_jenkins --no-acl --single-transaction --exit-on-error /opt/atikon/jenkins/timemngt/timemngt_sqitch.sql
+ psql timemngt_jenkins -c 'create extension pg_trgm'
CREATE EXTENSION
+ ./sqitcher timemngt deploy
Deploying changes to db:pg:timemngt_jenkins
  + KPT-194_nothing_to_do__budgets ........................ ok
  + smm_plan_builder ...................................... ok
  + SMM-190 ............................................... ok
  + INT-4363_goodbye_twitter .............................. ok
  + SMM-186 ............................................... ok
  + KPT-205_karrierepaket_20_tasklist ..................... ok
  + INT-4398 .............................................. ok
  + int-4374_git_commit_hardening ......................... ok
  + B20-320_ovc3000 ....................................... ok
  + INT-4382_bill_date_fj ................................. ok
  + INT-4387_views_use_new_bill_date ...................... ok
  + INT-4424_adapt_buyer_personas ......................... ok
  + ma-565_eigenwartung_standalone ........................ ok
  + int-4497_cleanup_eigenwartung_in_newsletter_metadata .. ok
  + NLU-40 ................................................ ok
  + ma-868_impressum_unternehmer .......................... ok
  + smm-210_posting_problems .............................. ok
  + SMM-211_no_pictures_in_linkedin_postings .............. ok
  + B20-609_content_id_administration_page_count .......... ok
+ ./sqitcher timemngt verify
Verifying db:pg:timemngt_jenkins
  * rt15366_sqitch ........................................... ok
  * rt15678_statistics_data .................................. ok
  * rt15678_statistics_data_fixes ............................ ok
  * rt14328_eigenwartung ..................................... ok
  * rt16140_uidnr_validation_level_2 ......................... ok
  * rt8900_quarterly_billing_of_monthly_news ................. ok
  * rt13556_remove_top_keywords .............................. ok
  * rt16626_add_article_to_steuernews_monthly ................ ok
  * rt13506_my_business ...................................... ok
  * rt16154_online_checklist_aliquotation .................... ok
  * rt16694_adaptions ........................................ ok
  * rt15431_posting_categories ............................... ok
  * rt16208_additional_article_info .......................... ok
  * rt16208_remove_constraint ................................ ok
  * rt15442_socialmedia_exclusion ............................ ok
  * rt16140_uidnr_validation_level_2_additional .............. ok
  * rt14209_grm_webkit ....................................... ok
  * rt16520_call_reports ..................................... ok
  * rt14631_orders ........................................... ok
  * rt17326_quantity_unit_null ............................... ok
  * rt17240_report_pending ................................... ok
  * rt16520_call_reports_schema_change ....................... ok
  * rt17429_versioned_js_files ............................... ok
  * rt14630_process_events ................................... ok
  * rt17578_steuernews_customer_create_fix ................... ok
  * rt17596_fix_release_names ................................ ok
  * rt17424_save_userid_for_events ........................... ok
  * rt17616_fix_steuernews_invoice_headline .................. ok
  * rt17472_ovc_singularity .................................. ok
  * rt17723_event_states_for_named ........................... ok
  * rt6437_offer_statistics .................................. ok
  * rt3966_rechnungsempfaenger_ui_extension .................. ok
  * rt18199_ovc_order_comments ............................... ok
  * rt6438_planned_billing_date .............................. ok
  * rt18194_ovc_open_orders .................................. ok
  * rt17952_ovc_allow_undef_prices ........................... ok
  * rt18210_ovc_statistics_billed_prices ..................... ok
  * rt7561_unique_search_phrases ............................. ok
  * rt14621_discount_periodic_rethink ........................ ok
  * rt14590_knowledge_graph .................................. ok
  * rt15002_remove_domain_pages_column ....................... ok
  * rt14901_retry_socialmedia_posts .......................... ok
  * rt16216_ovc_steuernews_info .............................. ok
  * rt7275_external_postings ................................. ok
  * rt16949_list_view_optimizations_SMM ...................... ok
  * rt1255_regular_grm_reports ............................... ok
  * rt18395_ovc_appointment_list ............................. ok
  * rt16386_webmaster ........................................ ok
  * rt16054_export_data_to_fibu .............................. ok
  * rt16748_sales_employee_responsible_for_payment_reminder .. ok
  * rt18912_ovc_activation ................................... ok
  * rt19619_mail_import ...................................... ok
  * rt19620_callcenter_schema ................................ ok
  * rt17667_infolinks_quantity ............................... ok
  * rt19633_callcenter ....................................... ok
  * rt20138_keep_used_customer_numbers ....................... ok
  * rt20932_contact_notes .................................... ok
  * rt20332_omit_sales_calls_in_appointment_statistics ....... ok
  * rt20631_order_articles_fixes ............................. ok
  * rt20768_dsgvo_tasklist ................................... ok
  * rt20826_statistics_fixes ................................. ok
  * rt19136_geo_coding ....................................... ok
  * activate_iw_tasklists .................................... ok
  * rt21107_lohnzettel_per_email ............................. ok
  * dsgvo_article_key ........................................ ok
  * rt20598_use_billed_values ................................ ok
  * rt20458_offer_articles_update_on_cancellation ............ ok
  * rt20413_ovc_data_event_update ............................ ok
  * rt21107_employee_company_id .............................. ok
  * rt22262_tasklist_facebook ................................ ok
  * rt22505_fix_discount_sign_out ............................ ok
  * rt19634_callcenter_tasks_for_employees ................... ok
  * rt19636_act_prototype_calender ........................... ok
  * rt18012_video_products ................................... ok
  * rt22569_quantity_unit_hour ............................... ok
  * rt22608_legacy_steuernews_in_video_panel ................. ok
  * active_new_tasklists ..................................... ok
  * rt22606_calendar_send_mail ............................... ok
  * rt22628_magic_order_replication .......................... ok
  * rt19620_act_database ..................................... ok
  * rt22660_missing_signouts ................................. ok
  * rt22807_main_contact ..................................... ok
  * rt22750_callcenter_admin_current_contact ................. ok
  * rt23020_merge_contacts_and_histories ..................... ok
  * rt19621_further_adaptions ................................ ok
  * rt22993_data_cleaning_groups ............................. ok
  * rt22817_fix_update_invoice_details ....................... ok
  * rt23046_task_priority .................................... ok
  * rt22846_some_tasklist .................................... ok
  * rt12508_optimize_queue ................................... ok
  * rt23424_remove_interests ................................. ok
  * rt21266_google_and_facebook_ads .......................... ok
  * rt19621_more_adaptions ................................... ok
  * rt23700_remove_epoch ..................................... ok
  * rt23700_remove_epoch_fix ................................. ok
  * rt22459_cancelled_orders_in_done_appointments ............ ok
  * rt22779_appointment_main_product ......................... ok
  * rt23464_additional_sales_statistics ...................... ok
  * rt23819_multiple_calendars ............................... ok
  * rt20794_workflow_selfassigment ........................... ok
  * rt23432_task_group_sorting ............................... ok
  * hours_calc ............................................... ok
  * rt22649_task_group_ready ................................. ok
  * rt23948_due_date_filter .................................. ok
  * rt22995_contact_duplicates_interface ..................... ok
  * rt23913_set_main_contact_trigger ......................... ok
  * rt22641_calendar_notifications ........................... ok
  * rt4542_remove_infomail ................................... ok
  * rt24095_appointment_icals_enhanced ....................... ok
  * rt24686_contact_required_fields .......................... ok
  * rt24791_stash_bug ........................................ ok
  * rt21342_batch_save_events ................................ ok
  * rt19869_enable_377_as_feature ............................ ok
  * rt25400_assign_error ..................................... ok
  * rt25509_analytics_api .................................... ok
  * rt25651_tasklist_google_ads2go ........................... ok
  * rt25475_unsupported_quantity_unit ........................ ok
  * rt25691_rename_tasklist .................................. ok
  * rt24214_finish_invoice_validate_customer_number .......... ok
  * rt25826_atikon_holding_entries ........................... ok
  * rt25765_disempower_mail_archiver ......................... ok
  * rt25769_titles ........................................... ok
  * act_cleanup .............................................. ok
  * rt25981_earliest_invoice_for_revenue ..................... ok
  * fix_statistics_sales_billed_amounts ...................... ok
  * contact_website_to_customer .............................. ok
  * rt26561_close_predecessor_task ........................... ok
  * rt26564_sales_employee_customer .......................... ok
  * rt25509_default .......................................... ok
  * rt26681_invoice_products_totals .......................... ok
  * rt27013_missing_db_fj_despite_issues_per_year ............ ok
  * google_ads_campaign ...................................... ok
  * rt27207_google_ads_campaign .............................. ok
  * rt27291_special_print_children_times_issues .............. ok
  * rt27384_ust_reporting .................................... ok
  * rt25330_optimize_to_time_range ........................... ok
  * rt27669_invoice_products_quantities_prices ............... ok
  * rt23840_billinglist_ungroup .............................. ok
  * rt27874_my_business ...................................... ok
  * rt27905_28109_generator_ftp_adaptions .................... ok
  * rt28179_individual_solution_ovc .......................... ok
  * rt28079_tma_statistics_adaption .......................... ok
  * rt28508_title_mba ........................................ ok
  * rt28921_deactive_checklist ............................... ok
  * rt29116_goodbye_tj ....................................... ok
  * rt29266_karrierepaket .................................... ok
  * rt29147_mein_atikon_schema ............................... ok
  * rt29063_domain_sales ..................................... ok
  * rt28646_create_customer_folder_on_customer_creation ...... ok
  * rt29507_fix_invoice_typo ................................. ok
  * rt29527_tasklist ......................................... ok
  * rt29884_identify_products_in_view ........................ ok
  * rt20470_remove_pagerank .................................. ok
  * rt19499_grm_imports ...................................... ok
  * rt30053_mein-metadata_storage ............................ ok
  * rt30231_seo_dashboard .................................... ok
  * rt26564_sales_employee_customer_relaunch ................. ok
  * rt19404_post_videos ...................................... ok
  * rt21365_account_adaptions ................................ ok
  * rt30514_imprint .......................................... ok
  * rt30216_steuerinfo_first_edition_selector ................ ok
  * rt31101_relevant_for_grm ................................. ok
  * socialmedia_feed_cached_shorturls ........................ ok
  * rt30922_imprint_at ....................................... ok
  * rt30781_mein_atikon_session .............................. ok
  * rt30796_refactor_atikonapi ............................... ok
  * rt31173_meinatikon_newsletter ............................ ok
  * rt30973_design_feedback_loop ............................. ok
  * rt31167_atikon_contacts .................................. ok
  * rt31166_finalize_onboarding .............................. ok
  * rt31172_socialmedia ...................................... ok
  * rt31199_general_price_increases .......................... ok
  * rt31503_contact_update ................................... ok
  * rt31502_preview .......................................... ok
  * rt31506_mein_atikon_mails ................................ ok
  * rt31282_customer_login ................................... ok
  * rt31730_missing_steuernews_customers ..................... ok
  * rt31282_login_details .................................... ok
  * rt31053_controlling_fields ............................... ok
  * rt32275_confetti ......................................... ok
  * rt32282_add_location_name ................................ ok
  * rt32387_digitalisierungspaket ............................ ok
  * rt32324_krypto_package_in_ovc ............................ ok
  * rt31897_offer_sums ....................................... ok
  * rt29520_product_change_orders ............................ ok
  * rt32748_text_template .................................... ok
  * rt32647_mein_atikon_data_takeover ........................ ok
  * rt33023_imprint_professions .............................. ok
  * rt33103_mark_for_deletion ................................ ok
  * rt17747_validate_invoice_fields .......................... ok
  * rt33235_takover_adaptation ............................... ok
  * rt33319_no_extension ..................................... ok
  * rt32967_digitalisierung_automation ....................... ok
  * rt33546_mein_atikon_seo_contract ......................... ok
  * rt33463_mining_interface ................................. ok
  * rt31956_import_postings .................................. ok
  * rt34120_optional_photos .................................. ok
  * rt34129_feedback_mails ................................... ok
  * rt34388_smm_facebook_log ................................. ok
  * rt36118_marketing_paket_features ......................... ok
  * rt36167_restrict_invoice_deletion ........................ ok
  * rt36517_report_last_visit ................................ ok
  * rt35450_posting_check .................................... ok
  * radicale_curtification ................................... ok
  * rt36879_cookie_banner .................................... ok
  * rt36961_new_sector_bilanzbuchhalter ...................... ok
  * rt33583_text_settings .................................... ok
  * rt35940_record_customer_locations_and_employeee_numbers .. ok
  * rt33953_meinatikon_notifications ......................... ok
  * rt36294_homepage_changes ................................. ok
  * rt37867_new_articles_as_ovc_hp_features .................. ok
  * rt37867_quick_vlog ....................................... ok
  * rt38087_remove_mein_atikon_sessions ...................... ok
  * rt38163_add_edited_by_customer_column .................... ok
  * rt38534_some_drafts ...................................... ok
  * rt36085_available_flag_for_absence ....................... ok
  * rt36373_paid_out_overtime ................................ ok
  * rt38565_make_newsletter_timemngt_independent ............. ok
  * rt37867_karrierepakete ................................... ok
  * rt37808_fixed_postings ................................... ok
  * rt38910_new_some_packages ................................ ok
  * rt38565_remove_opt_html_from_timemngt .................... ok
  * rt39212_processing_state ................................. ok
  * rt39260_treat_some_products_as_some_products ............. ok
  * rt39365_some_flex_package ................................ ok
  * rt39261_some_checklist_articles .......................... ok
  * rt39098_add_copyright_to_impressum ....................... ok
  * rt39774_ovc_video_appointment ............................ ok
  * rt39414_video_automation_flag ............................ ok
  * rt39414_video_automation_flag_default_false .............. ok
  * rt40064_database_structure ............................... ok
  * rt40042_social_media_posting_template .................... ok
  * rt36689 .................................................. ok
  * rt40324_new_product_intranet ............................. ok
  * rt36676_tmg_responsibility ............................... ok
  * rt40668_changelog_queue .................................. ok
  * rt36675_streitverfahren_to_imprint ....................... ok
  * rt40659_chefinfo_db_schema ............................... ok
  * rt40663_chefinfo_charts .................................. ok
  * cancel_order_article ..................................... ok
  * rt40658_homeoffice_performance ........................... ok
  * rt40250_cancel_order_article_no_on_order_list ............ ok
  * rt40972_tasklists_customer_intranet ...................... ok
  * rt41607_personas ......................................... ok
  * rt33452_sign_out_article_change_changes .................. ok
  * rt38074_release_textnote ................................. ok
  * rt40447_imprint_DSGVO .................................... ok
  * rt40998_empty_module_intranet ............................ ok
  * rt41864_add_tma .......................................... ok
  * rt41901_new_product_boxit ................................ ok
  * rt39417_new_contacts_role ................................ ok
  * rt40472_tracking_setting ................................. ok
  * ABLRT-12_jira_performance ................................ ok
  * master_fix_articles_billing_overview ..................... ok
  * INT-918_statistics_breakdown ............................. ok
  * INT-722_undo_idiotic_requirements ........................ Verify script verify/INT-722_undo_idiotic_requirements.sql does not exist
ok
  * rt31199_old_prices ....................................... ok
  * KPT-194_nothing_to_do__budgets ........................... ok
  * smm_plan_builder ......................................... ok
  * SMM-190 .................................................. ok
  * INT-4363_goodbye_twitter ................................. ok
  * SMM-186 .................................................. ok
  * KPT-205_karrierepaket_20_tasklist ........................ ok
  * INT-4398 ................................................. ok
  * int-4374_git_commit_hardening ............................ ok
  * B20-320_ovc3000 .......................................... ok
  * INT-4382_bill_date_fj .................................... ok
  * INT-4387_views_use_new_bill_date ......................... ok
  * INT-4424_adapt_buyer_personas ............................ ok
  * ma-565_eigenwartung_standalone ........................... ok
  * int-4497_cleanup_eigenwartung_in_newsletter_metadata ..... Verify script verify/int-4497_cleanup_eigenwartung_in_newsletter_metadata.sql does not exist
ok
  * NLU-40 ................................................... ok
  * ma-868_impressum_unternehmer ............................. ok
  * smm-210_posting_problems ................................. ok
  * SMM-211_no_pictures_in_linkedin_postings ................. ok
  * B20-609_content_id_administration_page_count ............. ok
Verify successful
+ /bin/bash /opt/atikon/jenkins/onlinetools/import_onlinetools_jenkins.sh
+ set -e
+ psql postgres -c 'UPDATE pg_database SET datallowconn = '\''false'\'' WHERE datname = '\''onlinetools_jenkins'\'''
UPDATE 1
+ psql postgres -c 'SELECT pg_terminate_backend(pid) FROM pg_stat_activity WHERE datname = '\''onlinetools_jenkins'\'''
 pg_terminate_backend 
----------------------
(0 rows)

+ dropdb --if-exists onlinetools_jenkins
+ createdb onlinetools_jenkins
+ psql onlinetools_jenkins -c 'drop schema if exists public'
DROP SCHEMA
+ psql onlinetools_jenkins -c 'create language plperlu'
CREATE EXTENSION
+ pg_restore -d onlinetools_jenkins --no-acl --single-transaction --exit-on-error /opt/atikon/jenkins/onlinetools/onlinetools_schema.sql
+ pg_restore -d onlinetools_jenkins --no-acl --single-transaction --exit-on-error /opt/atikon/jenkins/onlinetools/onlinetools_sqitch.sql
+ pg_restore -d onlinetools_jenkins --no-acl --single-transaction --exit-on-error /opt/atikon/jenkins/onlinetools/onlinetools_data.sql
+ psql onlinetools_jenkins -c 'create extension pgcrypto'
CREATE EXTENSION
+ ./sqitcher onlinetools deploy
Deploying changes to db:pg:onlinetools_jenkins
  + rt31209_email_envelope ................. ok
  + rt34216_corona_stresstest .............. ok
  + rt34686_at_corona ...................... ok
  + rt33378_rtr ............................ ok
  + rt33718_dkim_for_newsletters ........... ok
  + rt36179_automatic_newsletter ........... ok
  + rt37468_travelcost_bmd_export .......... ok
  + rt36602_digital_fitness_check .......... ok
  + rt37769_on_the_fly_special_news ........ ok
  + rt37952_enhance_bounce_handling ........ ok
  + rt38784_olv_text_color ................. ok
  + rt24030_export_cha_first_blood ......... ok
  + rt38741_ch_onlinetools ................. ok
  + rt39174_olv_custom_header_fonts ........ ok
  + bounce_parser_dsn ...................... ok
  + bounce_last_updated .................... ok
  + rt40041_dfc_at_de ...................... ok
  + rt40134_newsletter_dsgvo_adaptions ..... ok
  + rt40539_newsletter_historical_groups ... ok
  + rt40550_active_flag_templates .......... ok
  + rt41264_linked_designs_not_deleteable .. ok
  + rt24967_hide_newsletter_design ......... ok
  + rt41426_remove_dkim .................... ok
  + rt3425_revisited_2021 .................. ok
  + rt30765_revisted_2021 .................. ok
  + rt41110_newsletter_message_limits ...... ok
  + rt41200_speed_up_lists ................. ok
  + rt42210_arbeitnehmernews_de ............ ok
  + rt41031_anonymize_blacklist ............ ok
  + OLT-1671 ............................... ok
  + OLT-1680 ............................... ok
  + ORZOS-1 ................................ ok
  + NLU-88 ................................. ok
  + OLT-1749_remove_doctor_reminder_tool ... ok
  + OLT-1657_database_sessions ............. ok
+ ./sqitcher onlinetools verify
Verifying db:pg:onlinetools_jenkins
  * rt15366_sqitch ................................ ok
  * rt16231_short_urls ............................ ok
  * rt15805_nls_subscription_mail_correction ...... ok
  * rt_10982_newsletter_news ...................... ok
  * newsletter_responsive_since ................... ok
  * rt19221 ....................................... ok
  * rt19268_reisekosten ........................... ok
  * rt19529_smtp_port ............................. ok
  * rt19529_smtp_starttls ......................... ok
  * rt22215_dsgvo_link ............................ ok
  * rt19571_standard_introduction ................. ok
  * rt22138_hide_blacklist ........................ ok
  * newsletter_next_level ......................... ok
  * rt27697_sorting_journeys_list ................. ok
  * rt27849_categories_of_expenses ................ ok
  * rt28255_travelcost_teams ...................... ok
  * rt28015_travelcost_receipt_upload ............. ok
  * rt27582_uid_tool .............................. ok
  * rt28283_travelcost_teamup ..................... ok
  * rt6401_newsletter_data_migration .............. ok
  * rt28454_import_travel_data .................... ok
  * rt6401_data_takeover .......................... ok
  * rt28639_mark_journey_as_settled ............... ok
  * rt29098_remove_message_limitation ............. ok
  * rt27692_shorturl_customer_tool ................ ok
  * rt29225_keep_calculated_data_for_journey ...... ok
  * rt29513_default_departure ..................... ok
  * rt28655_export_travelcost_receipts_for_DATEV .. ok
  * rt29515_add_breakfast_expenses ................ ok
  * rt6401_fixing_another_constraint .............. ok
  * rt6401_keep_archive ........................... ok
  * rt30805_newsletter_subscription_log ........... ok
  * rt24030_olv_update ............................ ok
  * rt31209_email_envelope ........................ ok
  * rt34216_corona_stresstest ..................... ok
  * rt34686_at_corona ............................. ok
  * rt33378_rtr ................................... ok
  * rt33718_dkim_for_newsletters .................. ok
  * rt36179_automatic_newsletter .................. ok
  * rt37468_travelcost_bmd_export ................. ok
  * rt36602_digital_fitness_check ................. ok
  * rt37769_on_the_fly_special_news ............... ok
  * rt37952_enhance_bounce_handling ............... ok
  * rt38784_olv_text_color ........................ ok
  * rt24030_export_cha_first_blood ................ ok
  * rt38741_ch_onlinetools ........................ ok
  * rt39174_olv_custom_header_fonts ............... ok
  * bounce_parser_dsn ............................. ok
  * bounce_last_updated ........................... ok
  * rt40041_dfc_at_de ............................. ok
  * rt40134_newsletter_dsgvo_adaptions ............ ok
  * rt40539_newsletter_historical_groups .......... ok
  * rt40550_active_flag_templates ................. ok
  * rt41264_linked_designs_not_deleteable ......... ok
  * rt24967_hide_newsletter_design ................ ok
  * rt41426_remove_dkim ........................... ok
  * rt3425_revisited_2021 ......................... ok
  * rt30765_revisted_2021 ......................... ok
  * rt41110_newsletter_message_limits ............. ok
  * rt41200_speed_up_lists ........................ ok
  * rt42210_arbeitnehmernews_de ................... ok
  * rt41031_anonymize_blacklist ................... ok
  * OLT-1671 ...................................... ok
  * OLT-1680 ...................................... ok
  * ORZOS-1 ....................................... ok
  * NLU-88 ........................................ ok
  * OLT-1749_remove_doctor_reminder_tool .......... ok
  * OLT-1657_database_sessions .................... ok
Verify successful
+ /bin/bash /opt/atikon/jenkins/zms/import_zms_jenkins.sh
+ set -e
+ create_zms_db zms
+ db_name=zms
+ psql postgres -c 'UPDATE pg_database SET datallowconn = '\''false'\'' WHERE datname = '\''zms_jenkins'\'''
UPDATE 1
+ psql postgres -c 'SELECT pg_terminate_backend(pid) FROM pg_stat_activity WHERE datname = '\''zms_jenkins'\'''
 pg_terminate_backend 
----------------------
(0 rows)

+ dropdb --if-exists zms_jenkins
+ createdb zms_jenkins
+ psql zms_jenkins -c 'drop schema if exists public'
DROP SCHEMA
+ psql zms_jenkins -c 'create language plperlu'
CREATE EXTENSION
+ pg_restore -d zms_jenkins --no-acl --single-transaction --exit-on-error /opt/atikon/jenkins/zms/zms_schema.sql
+ pg_restore -d zms_jenkins --no-acl --single-transaction --exit-on-error /opt/atikon/jenkins/zms/zms_sqitch.sql
+ pg_restore -d zms_jenkins --no-acl --single-transaction --exit-on-error /opt/atikon/jenkins/zms/zms_features_newssystem.sql
+ pg_restore -d zms_jenkins --no-acl --single-transaction --exit-on-error /opt/atikon/jenkins/zms/zms_features_listen.sql
+ psql zms_jenkins -c 'create extension pg_trgm'
CREATE EXTENSION
+ psql zms_jenkins -c 'create extension if not exists cube'
CREATE EXTENSION
+ psql zms_jenkins -c 'create extension if not exists earthdistance'
CREATE EXTENSION
+ psql zms_jenkins -c 'create extension if not exists pgcrypto'
CREATE EXTENSION
+ psql zms_jenkins -c 'insert into zms_user (id, password, roles) VALUES('\''test'\'', '\''9f86d081884c7d659a2feaa0c55ad015a3bf4f1b2b0b822cd15d6c15b0f00a08'\'', '\''Manager'\'');'
INSERT 0 1
+ create_zms_db zms_online
+ db_name=zms_online
+ psql postgres -c 'UPDATE pg_database SET datallowconn = '\''false'\'' WHERE datname = '\''zms_online_jenkins'\'''
UPDATE 1
+ psql postgres -c 'SELECT pg_terminate_backend(pid) FROM pg_stat_activity WHERE datname = '\''zms_online_jenkins'\'''
 pg_terminate_backend 
----------------------
(0 rows)

+ dropdb --if-exists zms_online_jenkins
+ createdb zms_online_jenkins
+ psql zms_online_jenkins -c 'drop schema if exists public'
DROP SCHEMA
+ psql zms_online_jenkins -c 'create language plperlu'
CREATE EXTENSION
+ pg_restore -d zms_online_jenkins --no-acl --single-transaction --exit-on-error /opt/atikon/jenkins/zms/zms_schema.sql
+ pg_restore -d zms_online_jenkins --no-acl --single-transaction --exit-on-error /opt/atikon/jenkins/zms/zms_sqitch.sql
+ pg_restore -d zms_online_jenkins --no-acl --single-transaction --exit-on-error /opt/atikon/jenkins/zms/zms_features_newssystem.sql
+ pg_restore -d zms_online_jenkins --no-acl --single-transaction --exit-on-error /opt/atikon/jenkins/zms/zms_features_listen.sql
+ psql zms_online_jenkins -c 'create extension pg_trgm'
CREATE EXTENSION
+ psql zms_online_jenkins -c 'create extension if not exists cube'
CREATE EXTENSION
+ psql zms_online_jenkins -c 'create extension if not exists earthdistance'
CREATE EXTENSION
+ psql zms_online_jenkins -c 'create extension if not exists pgcrypto'
CREATE EXTENSION
+ psql zms_online_jenkins -c 'insert into zms_user (id, password, roles) VALUES('\''test'\'', '\''9f86d081884c7d659a2feaa0c55ad015a3bf4f1b2b0b822cd15d6c15b0f00a08'\'', '\''Manager'\'');'
INSERT 0 1
+ ./sqitcher mailer deploy
Deploying changes to db:pg:zms_jenkins
  + rt33107_cms_backup_queue ......... ok
  + rt38154_management_locked ........ ok
  + rt29946_restore_backup_via_cron .. ok
  + rt38563_sync_queue ............... ok
  + rt40754_id ....................... ok
  + KIT-241_password_reset ........... ok
  + B20_jsonb_support ................ ok
+ ./sqitcher mailer verify
Verifying db:pg:zms_jenkins
  * intial_deploy .................... ok
  * rt16842_log_mail_ip_address ...... ok
  * dbic_session_store ............... ok
  * fix_public_zms_user .............. ok
  * rt33107_cms_backup_queue ......... ok
  * rt38154_management_locked ........ ok
  * rt29946_restore_backup_via_cron .. ok
  * rt38563_sync_queue ............... ok
  * rt40754_id ....................... ok
  * KIT-241_password_reset ........... ok
  * B20_jsonb_support ................ ok
Verify successful
+ ./sqitcher mailer_online deploy
Deploying changes to db:pg:zms_online_jenkins
  + rt33107_cms_backup_queue ......... ok
  + rt38154_management_locked ........ ok
  + rt29946_restore_backup_via_cron .. ok
  + rt38563_sync_queue ............... ok
  + rt40754_id ....................... ok
  + KIT-241_password_reset ........... ok
  + B20_jsonb_support ................ ok
+ ./sqitcher mailer_online verify
Verifying db:pg:zms_online_jenkins
  * intial_deploy .................... ok
  * rt16842_log_mail_ip_address ...... ok
  * dbic_session_store ............... ok
  * fix_public_zms_user .............. ok
  * rt33107_cms_backup_queue ......... ok
  * rt38154_management_locked ........ ok
  * rt29946_restore_backup_via_cron .. ok
  * rt38563_sync_queue ............... ok
  * rt40754_id ....................... ok
  * KIT-241_password_reset ........... ok
  * B20_jsonb_support ................ ok
Verify successful
+ /bin/bash /opt/atikon/jenkins/meinatikon/import_meinatikon_jenkins.sh
+ set -e
+ psql postgres -c 'UPDATE pg_database SET datallowconn = '\''false'\'' WHERE datname = '\''meinatikon_jenkins'\'''
UPDATE 1
+ psql postgres -c 'SELECT pg_terminate_backend(pid) FROM pg_stat_activity WHERE datname = '\''meinatikon_jenkins'\'''
 pg_terminate_backend 
----------------------
(0 rows)

+ dropdb --if-exists meinatikon_jenkins
+ createdb --lc-collate=en_US.UTF-8 meinatikon_jenkins
+ ./sqitcher meinatikon deploy
Adding registry tables to db:pg:meinatikon_jenkins
Deploying changes to db:pg:meinatikon_jenkins
  + rt37779_mein_atikon_local_session_storage ...... ok
  + rt39587_expire_later ........................... ok
  + rt39801_last_authenticated_at_null_by_default .. ok
+ ./sqitcher meinatikon verify
Verifying db:pg:meinatikon_jenkins
  * rt37779_mein_atikon_local_session_storage ...... ok
  * rt39587_expire_later ........................... ok
  * rt39801_last_authenticated_at_null_by_default .. ok
Verify successful
+ /bin/bash /opt/atikon/jenkins/rt4/import_rt4_jenkins.sh
+ set -e
+ psql postgres -c 'UPDATE pg_database SET datallowconn = '\''false'\'' WHERE datname = '\''rt4'\'''
UPDATE 1
+ psql postgres -c 'SELECT pg_terminate_backend(pid) FROM pg_stat_activity WHERE datname = '\''rt4'\'''
 pg_terminate_backend 
----------------------
(0 rows)

+ dropdb --if-exists rt4
+ createdb rt4
+ psql rt4 -c 'drop schema if exists public'
DROP SCHEMA
+ pg_restore -d rt4 --no-acl --single-transaction --exit-on-error /opt/atikon/jenkins/rt4/rt4_schema.sql
+ psql rt4 -c 'insert into tickets (id, subject) values (1, '\''test'\'')'
INSERT 0 1
+ psql postgres -c 'UPDATE pg_database SET datallowconn = '\''false'\'' WHERE datname = '\''virtual_mail_jenkins'\'''
UPDATE 1
+ psql postgres -c 'SELECT pg_terminate_backend(pid) FROM pg_stat_activity WHERE datname = '\''virtual_mail_jenkins'\'''
 pg_terminate_backend 
----------------------
(0 rows)

+ dropdb --if-exists virtual_mail_jenkins
+ createdb virtual_mail_jenkins
+ popd
/var/jenkins/workspace/Onlinetools/repo/onlinetools
+ perl -Ilib script/cleanup_test_schemas.pl
+ pkill -u jenkins dbus-daemon
+ SKIP_EXTERNAL=1
+ LD_PRELOAD=/var/jenkins/workspace/Onlinetools/repo/onlinetools/insecure_random.so
+ prove -l -I../lib -j4 --state=save
t/02pod.t .......................................... skipped: set TEST_POD to enable this test
t/03podcoverage.t .................................. skipped: set TEST_POD to enable this test
t/08multilang.t .................................... ok
t/99style.t ........................................ skipped: Author test.  Set $ENV{TEST_AUTHOR} to a true value to run.
t/06help_links.t ................................... ok
t/05mobile.t ....................................... ok
t/04management.t ................................... ok
t/basis_Annuitaeten.t .............................. ok
t/basis_At-Abfertigung.t ........................... ok
t/basis_At-BV_Vergleich.t .......................... ok
t/basis_At-Brutto_Netto.t .......................... ok
16:48:32> test.example 127.0.0.1: not blacklisted
16:48:32> test.example 127.0.0.1: not blacklisted
t/basis_At-Dienstnehmer-Abmeldung.t ................ ok
16:48:33> test.example 127.0.0.1: not blacklisted
16:48:34> test.example 127.0.0.1: not blacklisted
16:48:35> test.example 127.0.0.1: not blacklisted
t/basis_At-Dienstnehmer-Aenderung.t ................ ok
16:48:35> test.example 127.0.0.1: not blacklisted
t/basis_At-Dienstnehmer-Anmeldung.t ................ ok
16:48:39> test.example 127.0.0.1: not blacklisted
16:48:39> test.example 127.0.0.1: not blacklisted
t/basis_At-Dienstnehmer-Anmeldung_Kompakt.t ........ ok
t/basis_At-Einkommensteuer.t ....................... ok
t/basis_At-Erbschaftssteuer.t ...................... ok
t/basis_BMI.t ...................................... skipped: no BMI base tests written yet
t/basis_At-Koerperschaftsteuer.t ................... ok
t/basis_At-MietvertragsGebuehren.t ................. ok
t/basis_At-Sozialversicherung.t .................... ok
t/basis_De-Betriebliche_Altersvorsorge.t ........... ok
t/basis_Chancen.t .................................. ok
t/basis_De-Brutto_Netto.t .......................... ok
16:49:16> test.example 127.0.0.1: not blacklisted
16:49:17> test.example 127.0.0.1: not blacklisted
t/basis_De-Dienstnehmer-Abmeldung.t ................ ok
16:49:19> test.example 127.0.0.1: not blacklisted
16:49:20> test.example 127.0.0.1: not blacklisted
t/basis_De-Dienstnehmer-Aenderung.t ................ ok
16:49:21> test.example 127.0.0.1: not blacklisted
16:49:23> test.example 127.0.0.1: not blacklisted
t/basis_De-Dienstnehmer-Anmeldung.t ................ ok
16:49:26> test.example 127.0.0.1: not blacklisted
16:49:28> test.example 127.0.0.1: not blacklisted
t/basis_De-Dienstnehmer-Anmeldung_Minijob.t ........ ok
16:49:31> test.example 127.0.0.1: not blacklisted
16:49:32> test.example 127.0.0.1: not blacklisted
t/basis_De-Dienstnehmer-Sofortmeldung.t ............ ok
t/basis_De-Einkommensteuer.t ....................... ok
t/basis_De-Unternehmenswert.t ...................... ok
16:49:41> test.example 127.0.0.1: not blacklisted
16:49:41> test.example 127.0.0.1: not blacklisted
16:49:42> test.example 127.0.0.1: not blacklisted
16:49:42> test.example 127.0.0.1: not blacklisted
t/basis_Dienstnehmer-mail.t ........................ ok
t/basis_Haushalt.t ................................. ok
t/basis_Lebensstandard.t ........................... ok
t/basis_Root.t ..................................... ok
t/basis_Skonto.t ................................... ok
t/calculation_At-Abfertigung.t ..................... ok
t/calculation_Annuitaeten.t ........................ ok
t/basis_Dienstnehmer.t ............................. ok
t/calculation_At-Anspruchszinsen.t ................. ok
t/calculation_At-Brutto_Netto_2010.t ............... ok
t/calculation_At-Brutto_Netto_2011.t ............... ok
t/calculation_At-Brutto_Netto_2012.t ............... ok
t/calculation_At-Brutto_Netto_2013.t ............... ok
t/calculation_At-Brutto_Netto_2016.t ............... skipped: no external tests
t/calculation_At-Brutto_Netto_2014.t ............... ok
t/calculation_At-Brutto_Netto_2015.t ............... ok
t/calculation_At-BV_Vergleich.t .................... ok
t/calculation_At-Brutto_Netto_2017.t ............... ok
t/calculation_At-Brutto_Netto_2018.t ............... ok
t/calculation_At-Brutto_Netto_2019.t ............... ok
t/calculation_At-Brutto_Netto_2020.t ............... ok
t/calculation_At-Brutto_Netto_big_13_external.t .... skipped: no calculator available yet for 2022
t/calculation_At-Brutto_Netto_2021.t ............... ok
t/calculation_At-Brutto_Netto_checkSVG.t ........... ok
t/calculation_At-Brutto_Netto_2022.t ............... ok
t/calculation_At-Brutto_Netto_external.t ........... skipped: not yet for 2022
t/calculation_At-Coronastresstest.t ................ ok
t/calculation_At-Einkommensteuer_2009.t ............ ok
t/calculation_At-Einkommensteuer_2010.t ............ ok
t/calculation_At-Einkommensteuer_2011.t ............ ok
t/calculation_At-Einkommensteuer_2012.t ............ ok
t/calculation_At-Einkommensteuer_2013.t ............ ok
t/calculation_At-Einkommensteuer_2014.t ............ ok
t/calculation_At-Einkommensteuer_2015.t ............ ok
t/calculation_At-Einkommensteuer_2017.t ............ ok
t/calculation_At-Einkommensteuer_2018.t ............ ok
t/calculation_At-Einkommensteuer_2019.t ............ ok
t/calculation_At-Einkommensteuer_2021.t ............ ok
t/calculation_At-Einkommensteuer_2022.t ............ ok
t/calculation_At-KFZ_Vergleich.t ................... ok
t/calculation_At-Koerperschaftsteuer.t ............. ok
t/calculation_At-MietvertragsGebuehren.t ........... ok
t/calculation_At-Sozialversicherung_external.t ..... skipped: no external tests
t/calculation_De-Betriebliche_Altersvorsorge.t ..... skipped: TODO: Update for 2022
t/calculation_Chancen.t ............................ ok
t/calculation_At-Sozialversicherung.t .............. ok
t/calculation_De-Brutto_Netto_external_2018.t ...... skipped: no external tests
t/calculation_De-Brutto_Netto_external_2019.t ...... skipped: no external tests
t/calculation_De-Brutto_Netto_external_lst.t ....... skipped: no external tests
t/calculation_At-Reisekosten.t ..................... ok
t/calculation_De-Coronastresstest.t ................ ok
t/calculation_De-Einkommensteuer_external.t ........ skipped: no external tests
t/calculation_De-Einkommensteuer_external_light.t .. skipped: no external tests
t/calculation_De-Riester.t ......................... ok
t/calculation_De-Brutto_Netto.t .................... ok
t/calculation_De-Einkommensteuer.t ................. ok
t/calculation_De-Unternehmenswert.t ................ ok
t/calculation_Finanzierung.t ....................... ok
t/calculation_Haushalt.t ........................... ok
t/calculation_Kinderwunsch.t ....................... ok
t/calculation_Lebensstandard.t ..................... ok
t/calculation_Mindestumsatz.t ...................... ok
Use of uninitialized value $weeks in concatenation (.) or string at /var/jenkins/workspace/Onlinetools/repo/onlinetools/lib/Atikon/OnlineTools/Controller/Schwangerschaft.pm line 154.
Use of uninitialized value $days in concatenation (.) or string at /var/jenkins/workspace/Onlinetools/repo/onlinetools/lib/Atikon/OnlineTools/Controller/Schwangerschaft.pm line 154.
Use of uninitialized value $weeks in concatenation (.) or string at /var/jenkins/workspace/Onlinetools/repo/onlinetools/lib/Atikon/OnlineTools/Controller/Schwangerschaft.pm line 154.
Use of uninitialized value $days in concatenation (.) or string at /var/jenkins/workspace/Onlinetools/repo/onlinetools/lib/Atikon/OnlineTools/Controller/Schwangerschaft.pm line 154.
t/calculation_Schwangerschaft.t .................... ok
t/calculation_Skonto.t ............................. ok
t/calculation_Tankstellen.t ........................ ok
t/chart_oop.t ...................................... ok
t/coding_conventions_linelength.t .................. ok
t/coding_conventions_makefile.t .................... ok
t/calculation_Vermoegensbilanz.t ................... ok
t/check_template_labels.t .......................... ok
t/calculator_oop.t ................................. ok
t/coding_conventions_sub_length.t .................. ok
t/coding_conventions_white_space.t ................. ok
t/controller_At-Kirchenbeitrag.t ................... ok
t/controller_Fragebogen.t .......................... ok
t/controller_Gruendercheck.t ....................... ok
t/controller_Newsletter-javascript.t ............... ok
11:00:15> test5.example 127.0.0.1: not blacklisted
11:00:15> test5.example 127.0.0.1: not limited
11:00:16> test5.example 127.0.0.1: not blacklisted
11:00:16> test5.example 127.0.0.1: not limited
t/controller_Recall.t .............................. ok
t/controller_At-Reisekosten.t ...................... ok
t/controller_ShortUrl.t ............................ ok
build_unsubscribe_mail: no reply_on_unsubscribe_to for FooBarBaz at /var/jenkins/workspace/Onlinetools/repo/onlinetools/lib/Atikon/OnlineTools/Newsletter/Unsubscribe.pm line 143.
t/controller_Newsletter.t .......................... ok
t/controller_Wahlarzt.t ............................ ok
t/holidays.t ....................................... ok
t/controller_root_unittests.t ...................... ok
Subroutine main::code redefined at /opt/atikon/perl-local-lib/lib/perl5/Petal.pm line 155.
Subroutine main::code redefined at /opt/atikon/perl-local-lib/lib/perl5/Petal.pm line 155.
t/json_De-Einkommensteuer.t ........................ ok
DBIx::Class::Storage::DBI::select_single(): Query returned more than one row.  SQL that returns multiple rows is DEPRECATED for ->find and ->single at /var/jenkins/workspace/Onlinetools/repo/onlinetools/lib/Atikon/OnlineTools/Roles/Controller/OLV.pm line 68
16:56:11> test.example 127.0.0.1: not blacklisted
DBIx::Class::Storage::DBI::select_single(): Query returned more than one row.  SQL that returns multiple rows is DEPRECATED for ->find and ->single at /var/jenkins/workspace/Onlinetools/repo/onlinetools/lib/Atikon/OnlineTools/Roles/Controller/OLV.pm line 68
t/digitalfitnesscheck.t ............................ ok
t/json_Annuitaeten.t ............................... ok
t/json_De-Brutto_Netto.t ........................... ok
16:56:36> test.example 127.0.0.1: not blacklisted
[debug] Catalyst encoding config is set to encode in 'UTF-8', content type is 'iso-8859-1', not encoding 
16:56:36> test.example 127.0.0.1: not blacklisted
[debug] Catalyst encoding config is set to encode in 'UTF-8', content type is 'iso-8859-1', not encoding 
t/lohnbuchhaltung_de_oop.t ......................... ok
t/meta_notindex.t .................................. ok
16:56:37> test.example 127.0.0.1: not blacklisted
[debug] Catalyst encoding config is set to encode in 'UTF-8', content type is 'iso-8859-1', not encoding 
t/management.t ..................................... ok
t/model_DB.t ....................................... ok
16:56:38> test.example 127.0.0.1: not blacklisted
[debug] Catalyst encoding config is set to encode in 'UTF-8', content type is 'iso-8859-1', not encoding 
16:56:38> test.example 127.0.0.1: not blacklisted
[debug] Catalyst encoding config is set to encode in 'UTF-8', content type is 'iso-8859-1', not encoding 
t/lohnbuchhaltung_oop.t ............................ ok
t/model_Timemngt.t ................................. ok
t/newsletter_delete_subscriber.t ................... ok
t/newsletter_decreased_web_requests.t .............. ok
t/newsletter_delete_subscriber_from_group.t ........ ok
t/mietvertragsgebuehren_oop.t ...................... ok
t/newsletter_import_blacklist.t .................... ok
t/newsletter_error_while_sending.t ................. ok
t/newsletter_export.t .............................. ok
t/newsletter_import_confirmation.t ................. ok
t/newsletter_import_not_utf8.t ..................... ok
get_sourceurl_information Steuernews%20f%C3%BCr%20Mandanten/newsletter_folders.json?max_shown_news=12: invalid response - 400 URL must be absolute
get_sourceurl_information Tipps%20f%C3%BCr%20Arbeitnehmer/newsletter_folders.json?max_shown_news=12: invalid response - 400 URL must be absolute
get_sourceurl_information News%20f%C3%BCr%20Landwirte%20AT/newsletter_folders.json?max_shown_news=12: invalid response - 400 URL must be absolute
get_sourceurl_information Gastronews/newsletter_folders.json?max_shown_news=12: invalid response - 400 URL must be absolute
get_sourceurl_information News%20f%C3%BCr%20Vermieter%20AT/newsletter_folders.json?max_shown_news=12: invalid response - 400 URL must be absolute
t/newsletter_import_special_chars.t ................ ok
get_sourceurl_information Steuernews%20f%C3%BCr%20Mandanten/newsletter_folders.json?max_shown_news=12: invalid response - 400 URL must be absolute
get_sourceurl_information Tipps%20f%C3%BCr%20Arbeitnehmer/newsletter_folders.json?max_shown_news=12: invalid response - 400 URL must be absolute
get_sourceurl_information News%20f%C3%BCr%20Landwirte%20AT/newsletter_folders.json?max_shown_news=12: invalid response - 400 URL must be absolute
get_sourceurl_information Gastronews/newsletter_folders.json?max_shown_news=12: invalid response - 400 URL must be absolute
get_sourceurl_information News%20f%C3%BCr%20Vermieter%20AT/newsletter_folders.json?max_shown_news=12: invalid response - 400 URL must be absolute
get_sourceurl_information Steuernews%20f%C3%BCr%20Mandanten/newsletter_folders.json?max_shown_news=1: invalid response - 400 URL must be absolute
get_sourceurl_information Steuernews%20f%C3%BCr%20Mandanten/newsletter_folders.json?max_shown_news=12: invalid response - 400 URL must be absolute
get_sourceurl_information Tipps%20f%C3%BCr%20Arbeitnehmer/newsletter_folders.json?max_shown_news=12: invalid response - 400 URL must be absolute
get_sourceurl_information News%20f%C3%BCr%20Landwirte%20AT/newsletter_folders.json?max_shown_news=12: invalid response - 400 URL must be absolute
get_sourceurl_information Gastronews/newsletter_folders.json?max_shown_news=12: invalid response - 400 URL must be absolute
get_sourceurl_information News%20f%C3%BCr%20Vermieter%20AT/newsletter_folders.json?max_shown_news=12: invalid response - 400 URL must be absolute
get_sourceurl_information Steuernews%20f%C3%BCr%20Mandanten/newsletter_folders.json?max_shown_news=12: invalid response - 400 URL must be absolute
get_sourceurl_information Tipps%20f%C3%BCr%20Arbeitnehmer/newsletter_folders.json?max_shown_news=12: invalid response - 400 URL must be absolute
get_sourceurl_information News%20f%C3%BCr%20Landwirte%20AT/newsletter_folders.json?max_shown_news=12: invalid response - 400 URL must be absolute
get_sourceurl_information Gastronews/newsletter_folders.json?max_shown_news=12: invalid response - 400 URL must be absolute
get_sourceurl_information News%20f%C3%BCr%20Vermieter%20AT/newsletter_folders.json?max_shown_news=12: invalid response - 400 URL must be absolute
get_sourceurl_information Tipps%20f%C3%BCr%20Arbeitnehmer/newsletter_folders.json?max_shown_news=1: invalid response - 400 URL must be absolute
get_sourceurl_information Steuernews%20f%C3%BCr%20Mandanten/newsletter_folders.json?max_shown_news=12: invalid response - 400 URL must be absolute
get_sourceurl_information Tipps%20f%C3%BCr%20Arbeitnehmer/newsletter_folders.json?max_shown_news=12: invalid response - 400 URL must be absolute
get_sourceurl_information News%20f%C3%BCr%20Landwirte%20AT/newsletter_folders.json?max_shown_news=12: invalid response - 400 URL must be absolute
get_sourceurl_information Gastronews/newsletter_folders.json?max_shown_news=12: invalid response - 400 URL must be absolute
get_sourceurl_information News%20f%C3%BCr%20Vermieter%20AT/newsletter_folders.json?max_shown_news=12: invalid response - 400 URL must be absolute
get_sourceurl_information Steuernews%20f%C3%BCr%20Mandanten/newsletter_folders.json?max_shown_news=12: invalid response - 400 URL must be absolute
get_sourceurl_information Tipps%20f%C3%BCr%20Arbeitnehmer/newsletter_folders.json?max_shown_news=12: invalid response - 400 URL must be absolute
get_sourceurl_information News%20f%C3%BCr%20Landwirte%20AT/newsletter_folders.json?max_shown_news=12: invalid response - 400 URL must be absolute
get_sourceurl_information Gastronews/newsletter_folders.json?max_shown_news=12: invalid response - 400 URL must be absolute
get_sourceurl_information News%20f%C3%BCr%20Vermieter%20AT/newsletter_folders.json?max_shown_news=12: invalid response - 400 URL must be absolute
get_sourceurl_information Tipps%20f%C3%BCr%20Arbeitnehmer/newsletter_folders.json?max_shown_news=1: invalid response - 400 URL must be absolute
get_sourceurl_information Tipps%20f%C3%BCr%20Arbeitnehmer/newsletter_folders.json?max_shown_news=1: invalid response - 400 URL must be absolute
get_sourceurl_information Steuernews%20f%C3%BCr%20Mandanten/newsletter_folders.json?max_shown_news=12: invalid response - 400 URL must be absolute
get_sourceurl_information Tipps%20f%C3%BCr%20Arbeitnehmer/newsletter_folders.json?max_shown_news=12: invalid response - 400 URL must be absolute
get_sourceurl_information News%20f%C3%BCr%20Landwirte%20AT/newsletter_folders.json?max_shown_news=12: invalid response - 400 URL must be absolute
get_sourceurl_information Gastronews/newsletter_folders.json?max_shown_news=12: invalid response - 400 URL must be absolute
get_sourceurl_information News%20f%C3%BCr%20Vermieter%20AT/newsletter_folders.json?max_shown_news=12: invalid response - 400 URL must be absolute
get_sourceurl_information Steuernews%20f%C3%BCr%20Mandanten/newsletter_folders.json?max_shown_news=12: invalid response - 400 URL must be absolute
get_sourceurl_information Tipps%20f%C3%BCr%20Arbeitnehmer/newsletter_folders.json?max_shown_news=12: invalid response - 400 URL must be absolute
get_sourceurl_information News%20f%C3%BCr%20Landwirte%20AT/newsletter_folders.json?max_shown_news=12: invalid response - 400 URL must be absolute
get_sourceurl_information Gastronews/newsletter_folders.json?max_shown_news=12: invalid response - 400 URL must be absolute
get_sourceurl_information News%20f%C3%BCr%20Vermieter%20AT/newsletter_folders.json?max_shown_news=12: invalid response - 400 URL must be absolute
get_sourceurl_information Tipps%20f%C3%BCr%20Arbeitnehmer/newsletter_folders.json?max_shown_news=1: invalid response - 400 URL must be absolute
get_sourceurl_information Gastronews/newsletter_folders.json?max_shown_news=1: invalid response - 400 URL must be absolute
get_sourceurl_information Steuernews%20f%C3%BCr%20Mandanten/newsletter_folders.json?max_shown_news=12: invalid response - 400 URL must be absolute
get_sourceurl_information Tipps%20f%C3%BCr%20Arbeitnehmer/newsletter_folders.json?max_shown_news=12: invalid response - 400 URL must be absolute
get_sourceurl_information News%20f%C3%BCr%20Landwirte%20AT/newsletter_folders.json?max_shown_news=12: invalid response - 400 URL must be absolute
get_sourceurl_information Gastronews/newsletter_folders.json?max_shown_news=12: invalid response - 400 URL must be absolute
get_sourceurl_information News%20f%C3%BCr%20Vermieter%20AT/newsletter_folders.json?max_shown_news=12: invalid response - 400 URL must be absolute
get_sourceurl_information Steuernews%20f%C3%BCr%20Mandanten/newsletter_folders.json?max_shown_news=12: invalid response - 400 URL must be absolute
get_sourceurl_information Tipps%20f%C3%BCr%20Arbeitnehmer/newsletter_folders.json?max_shown_news=12: invalid response - 400 URL must be absolute
get_sourceurl_information News%20f%C3%BCr%20Landwirte%20AT/newsletter_folders.json?max_shown_news=12: invalid response - 400 URL must be absolute
get_sourceurl_information Gastronews/newsletter_folders.json?max_shown_news=12: invalid response - 400 URL must be absolute
get_sourceurl_information News%20f%C3%BCr%20Vermieter%20AT/newsletter_folders.json?max_shown_news=12: invalid response - 400 URL must be absolute
get_sourceurl_information Tipps%20f%C3%BCr%20Arbeitnehmer/newsletter_folders.json?max_shown_news=1: invalid response - 400 URL must be absolute
get_sourceurl_information Gastronews/newsletter_folders.json?max_shown_news=1: invalid response - 400 URL must be absolute
get_sourceurl_information Gastronews/newsletter_folders.json?max_shown_news=1: invalid response - 400 URL must be absolute
get_sourceurl_information Steuernews%20f%C3%BCr%20Mandanten/newsletter_folders.json?max_shown_news=12: invalid response - 400 URL must be absolute
get_sourceurl_information Tipps%20f%C3%BCr%20Arbeitnehmer/newsletter_folders.json?max_shown_news=12: invalid response - 400 URL must be absolute
get_sourceurl_information News%20f%C3%BCr%20Landwirte%20AT/newsletter_folders.json?max_shown_news=12: invalid response - 400 URL must be absolute
get_sourceurl_information Gastronews/newsletter_folders.json?max_shown_news=12: invalid response - 400 URL must be absolute
get_sourceurl_information News%20f%C3%BCr%20Vermieter%20AT/newsletter_folders.json?max_shown_news=12: invalid response - 400 URL must be absolute
get_sourceurl_information Steuernews%20f%C3%BCr%20Mandanten/newsletter_folders.json?max_shown_news=12: invalid response - 400 URL must be absolute
get_sourceurl_information Tipps%20f%C3%BCr%20Arbeitnehmer/newsletter_folders.json?max_shown_news=12: invalid response - 400 URL must be absolute
get_sourceurl_information News%20f%C3%BCr%20Landwirte%20AT/newsletter_folders.json?max_shown_news=12: invalid response - 400 URL must be absolute
get_sourceurl_information Gastronews/newsletter_folders.json?max_shown_news=12: invalid response - 400 URL must be absolute
get_sourceurl_information News%20f%C3%BCr%20Vermieter%20AT/newsletter_folders.json?max_shown_news=12: invalid response - 400 URL must be absolute
get_sourceurl_information Tipps%20f%C3%BCr%20Arbeitnehmer/newsletter_folders.json?max_shown_news=1: invalid response - 400 URL must be absolute
get_sourceurl_information Gastronews/newsletter_folders.json?max_shown_news=1: invalid response - 400 URL must be absolute
get_sourceurl_information Gastronews/newsletter_folders.json?max_shown_news=1: invalid response - 400 URL must be absolute
get_sourceurl_information News%20f%C3%BCr%20Landwirte%20AT/newsletter_folders.json?max_shown_news=1: invalid response - 400 URL must be absolute
get_sourceurl_information Steuernews%20f%C3%BCr%20Mandanten/newsletter_folders.json?max_shown_news=12: invalid response - 400 URL must be absolute
get_sourceurl_information Tipps%20f%C3%BCr%20Arbeitnehmer/newsletter_folders.json?max_shown_news=12: invalid response - 400 URL must be absolute
get_sourceurl_information News%20f%C3%BCr%20Landwirte%20AT/newsletter_folders.json?max_shown_news=12: invalid response - 400 URL must be absolute
get_sourceurl_information Gastronews/newsletter_folders.json?max_shown_news=12: invalid response - 400 URL must be absolute
get_sourceurl_information News%20f%C3%BCr%20Vermieter%20AT/newsletter_folders.json?max_shown_news=12: invalid response - 400 URL must be absolute
get_sourceurl_information Steuernews%20f%C3%BCr%20Mandanten/newsletter_folders.json?max_shown_news=12: invalid response - 400 URL must be absolute
get_sourceurl_information Tipps%20f%C3%BCr%20Arbeitnehmer/newsletter_folders.json?max_shown_news=12: invalid response - 400 URL must be absolute
get_sourceurl_information News%20f%C3%BCr%20Landwirte%20AT/newsletter_folders.json?max_shown_news=12: invalid response - 400 URL must be absolute
get_sourceurl_information Gastronews/newsletter_folders.json?max_shown_news=12: invalid response - 400 URL must be absolute
get_sourceurl_information News%20f%C3%BCr%20Vermieter%20AT/newsletter_folders.json?max_shown_news=12: invalid response - 400 URL must be absolute
get_sourceurl_information Tipps%20f%C3%BCr%20Arbeitnehmer/newsletter_folders.json?max_shown_news=1: invalid response - 400 URL must be absolute
get_sourceurl_information Gastronews/newsletter_folders.json?max_shown_news=1: invalid response - 400 URL must be absolute
get_sourceurl_information Gastronews/newsletter_folders.json?max_shown_news=1: invalid response - 400 URL must be absolute
get_sourceurl_information News%20f%C3%BCr%20Vermieter%20AT/newsletter_folders.json?max_shown_news=1: invalid response - 400 URL must be absolute
t/newsletter_intervals.t ........................... ok
t/newsletter_login.t ............................... ok
t/newsletter_login_setup.t ......................... ok
11:00:13> test.example 127.0.0.1: not blacklisted
11:00:13> test.example 127.0.0.1: not limited
11:00:13> test.example 127.0.0.1: not blacklisted
11:00:13> test.example 127.0.0.1: not limited
t/newsletter_more_subscriber_info.t ................ ok
t/newsletter_multiple_testnewsletters.t ............ ok
t/newsletter_no_blacklist_duplicates.t ............. ok
t/newsletter_no_changes_in_statistic.t ............. ok
t/newsletter_oop_automated_mails.t ................. ok
t/newsletter_oop_dashboard.t ....................... ok
t/newsletter_oop_group.t ........................... ok
t/newsletter_import_some_more.t .................... ok
[error] Caught exception in Atikon::OnlineTools::Controller::Newsletter->linktracking "no url for redirect via http://localhost/test.example/newsletter/linktracking at /var/jenkins/workspace/Onlinetools/repo/onlinetools/lib/Atikon/OnlineTools/Controller/Newsletter.pm line 1774."
t/newsletter_oop_settings.t ........................ ok
16:58:22> test.example 127.0.0.1: not blacklisted
16:58:22> test.example 127.0.0.1: not limited
16:58:22> test.example 127.0.0.1: not blacklisted
16:58:22> test.example 127.0.0.1: not limited
16:58:23> test.example 127.0.0.1: not blacklisted
16:58:23> test.example 127.0.0.1: not limited
t/newsletter_oop_misc.t ............................ ok
t/newsletter_oop_setup.t ........................... ok
get_sourceurl_information invalid/newsletter_folders.json?max_shown_news=3: invalid response - 400 URL must be absolute
t/newsletter_oop_special_news.t .................... ok
16:58:34> test.example 127.0.0.1: not blacklisted
16:58:34> test.example 127.0.0.1: not limited
16:58:37> test.example 127.0.0.1: not blacklisted
16:58:37> test.example 127.0.0.1: not limited
16:58:39> test.example 127.0.0.1: not blacklisted
16:58:39> test.example 127.0.0.1: not limited
16:58:40> test.example 127.0.0.2: blacklisted
16:58:40> test.example 192.0.2.1: not blacklisted
16:58:42> test.example 127.0.0.1: not blacklisted
16:58:42> test.example 127.0.0.1: not limited
16:58:42> test.example 127.0.0.1: not blacklisted
16:58:42> test.example 127.0.0.1: not limited
16:58:42> test.example 127.0.0.1: not blacklisted
16:58:42> test.example 127.0.0.1: not limited
16:58:42> test.example 127.0.0.1: not blacklisted
16:58:42> test.example 127.0.0.1: not limited
16:58:43> test.example 127.0.0.1: not blacklisted
16:58:43> test.example 127.0.0.1: not limited
16:58:43> test.example 127.0.0.1: not blacklisted
16:58:43> test.example 127.0.0.1: not limited
16:58:43> test.example 127.0.0.1: not blacklisted
16:58:43> test.example 127.0.0.1: not blacklisted
16:58:43> test.example 127.0.0.1: not limited
16:58:44> test.example 127.0.0.1: not blacklisted
16:58:44> test.example 127.0.0.1: not limited
16:58:44> test.example 127.0.0.1: not blacklisted
16:58:44> test.example 127.0.0.1: limited
Use of uninitialized value $data in print at /var/jenkins/workspace/Onlinetools/repo/onlinetools/lib/Atikon/OnlineTools/Controller/Newsletter/Subscriber/Sync.pm line 116.
build_unsubscribe_mail: no email at /var/jenkins/workspace/Onlinetools/repo/onlinetools/lib/Atikon/OnlineTools/Newsletter/Unsubscribe.pm line 138.
t/newsletter_oop_templatewizard.t .................. ok
build_unsubscribe_mail: no email at /var/jenkins/workspace/Onlinetools/repo/onlinetools/lib/Atikon/OnlineTools/Newsletter/Unsubscribe.pm line 138.
build_unsubscribe_mail: no email at /var/jenkins/workspace/Onlinetools/repo/onlinetools/lib/Atikon/OnlineTools/Newsletter/Unsubscribe.pm line 138.
build_unsubscribe_mail: no email at /var/jenkins/workspace/Onlinetools/repo/onlinetools/lib/Atikon/OnlineTools/Newsletter/Unsubscribe.pm line 138.
t/newsletter_oop_subscriber.t ...................... ok
t/newsletter_oop_template.t ........................ ok
16:59:00> test.example 127.0.0.1: not blacklisted
16:59:00> test.example 127.0.0.1: not limited
t/newsletter_password_change.t ..................... ok
16:59:02> test.example 127.0.0.1: not blacklisted
16:59:02> test.example 127.0.0.1: not limited
t/newsletter_search.t .............................. ok
t/newsletter_oop_sync.t ............................ ok
t/newsletter_oop_templatewizard_end_to_end.t ....... ok
build_unsubscribe_mail: no email at /var/jenkins/workspace/Onlinetools/repo/onlinetools/lib/Atikon/OnlineTools/Newsletter/Unsubscribe.pm line 138.
t/newsletter_subscribe_dates.t ..................... ok
t/newsletter_template_attachment.t ................. ok
t/newsletter_template_statistic.t .................. ok
t/newsletter_sending.t ............................. ok
t/newsletter_unittests.t ........................... ok
t/newsletter_unsubscribe.t ......................... ok
build_unsubscribe_mail: no reply_on_unsubscribe_to for FooBarBaz at /var/jenkins/workspace/Onlinetools/repo/onlinetools/lib/Atikon/OnlineTools/Newsletter/Unsubscribe.pm line 143.
t/newsletter_update_hash.t ......................... ok
t/onlinetools.t .................................... ok
t/olv_forms.t ...................................... ok
t/onlineuidcheck_contains_errors.t ................. ok
t/onlineuidcheck_invalid_country_code.t ............ ok
t/onlineuidcheck_invalid_format.t .................. ok
t/onlineuidcheck_misc.t ............................ ok
t/petal.t .......................................... ok
t/onlineuidcheck_not_existing.t .................... ok
t/onlineuidcheck_unavailable.t ..................... ok
t/onlineuidcheck_valid.t ........................... ok
[error] DBIx::Class::Storage::DBI::catch {...} (): DBI Connection failed: DBI connect('database=onlinetools','',...) failed: connection to server on socket "/var/run/postgresql/.s.PGSQL.5432" failed: FATAL:  database "onlinetools" does not exist at /opt/atikon/perl-local-lib/lib/perl5/DBIx/Class/Storage/DBI.pm line 1639. at /var/jenkins/workspace/Onlinetools/repo/onlinetools/lib/Atikon/OnlineTools/Controller/Root.pm line 107
t/view_petal.t ..................................... ok
t/reminder_oop.t ................................... ok
t/travelcost.t ..................................... ok
All tests successful.
Files=177, Tests=24380, 812 wallclock secs ( 2.74 usr  0.34 sys + 1754.24 cusr 79.07 csys = 1836.39 CPU)
Result: PASS
[Current build status] check if current [SUCCESS] is worse or equals then [SUCCESS] and better or equals then [SUCCESS]
Run condition [Current build status] enabling perform for step [Execute shell]
[Onlinetools] $ /bin/sh -xe /tmp/jenkins10993968194223678536.sh
+ cd /var/jenkins/workspace/Onlinetools/repo/onlinetools
+ branch=master
+ [[ -n master ]]
+ branch=master
+ '[' master == master ']'
+ git push git@bitbucket.org:atikon/onlinetools.git HEAD:production
Everything up-to-date
+ git push ssh://svc-jenkins-1@git.atikon.io/srv/git/onlinetools.git HEAD:production
Everything up-to-date
[WARN] Not a WorkflowRun, onCompleted won't be propagated to listeners
Finished: SUCCESS
